[1.131s] Invoking command in '/home/shreyap7/cs498/ros2_ws/build/mobile_robotics': PYTHONPATH=/home/shreyap7/cs498/ros2_ws/build/mobile_robotics/prefix_override:/home/shreyap7/.local/lib/python3.10/site-packages/colcon_core/task/python/colcon_distutils_commands:/home/shreyap7/cs498/ros2_ws/install/mobile_robotics/lib/python3.10/site-packages:${PYTHONPATH} /usr/bin/python3 -W ignore:setup.py install is deprecated -W ignore:easy_install command is deprecated setup.py develop --editable --build-directory /home/shreyap7/cs498/ros2_ws/build/mobile_robotics/build --no-deps symlink_data --force
[1.465s] running develop
[1.661s] running egg_info
[1.661s] writing mobile_robotics.egg-info/PKG-INFO
[1.661s] writing dependency_links to mobile_robotics.egg-info/dependency_links.txt
[1.662s] writing entry points to mobile_robotics.egg-info/entry_points.txt
[1.663s] writing requirements to mobile_robotics.egg-info/requires.txt
[1.663s] writing top-level names to mobile_robotics.egg-info/top_level.txt
[1.666s] reading manifest file 'mobile_robotics.egg-info/SOURCES.txt'
[1.668s] writing manifest file 'mobile_robotics.egg-info/SOURCES.txt'
[1.670s] running build_ext
[1.670s] Creating /home/shreyap7/cs498/ros2_ws/install/mobile_robotics/lib/python3.10/site-packages/mobile-robotics.egg-link (link to .)
[1.671s] Installing cod_ex2 script to /home/shreyap7/cs498/ros2_ws/install/mobile_robotics/lib/mobile_robotics
[1.673s] Installing part1 script to /home/shreyap7/cs498/ros2_ws/install/mobile_robotics/lib/mobile_robotics
[1.674s] Installing part2 script to /home/shreyap7/cs498/ros2_ws/install/mobile_robotics/lib/mobile_robotics
[1.674s] 
[1.674s] Installed /home/shreyap7/cs498/ros2_ws/build/mobile_robotics
[1.675s] running symlink_data
[1.675s] symbolically linking /home/shreyap7/cs498/ros2_ws/build/mobile_robotics/resource/mobile_robotics -> /home/shreyap7/cs498/ros2_ws/install/mobile_robotics/share/ament_index/resource_index/packages
[1.676s] symbolically linking /home/shreyap7/cs498/ros2_ws/build/mobile_robotics/package.xml -> /home/shreyap7/cs498/ros2_ws/install/mobile_robotics/share/mobile_robotics
[1.713s] Invoked command in '/home/shreyap7/cs498/ros2_ws/build/mobile_robotics' returned '0': PYTHONPATH=/home/shreyap7/cs498/ros2_ws/build/mobile_robotics/prefix_override:/home/shreyap7/.local/lib/python3.10/site-packages/colcon_core/task/python/colcon_distutils_commands:/home/shreyap7/cs498/ros2_ws/install/mobile_robotics/lib/python3.10/site-packages:${PYTHONPATH} /usr/bin/python3 -W ignore:setup.py install is deprecated -W ignore:easy_install command is deprecated setup.py develop --editable --build-directory /home/shreyap7/cs498/ros2_ws/build/mobile_robotics/build --no-deps symlink_data --force
