[1.212s] Invoking command in '/home/shreyap7/cs498/ros2_ws/build/mobile_robotics': PYTHONPATH=/home/shreyap7/cs498/ros2_ws/build/mobile_robotics/prefix_override:/home/shreyap7/.local/lib/python3.10/site-packages/colcon_core/task/python/colcon_distutils_commands:/home/shreyap7/cs498/ros2_ws/install/mobile_robotics/lib/python3.10/site-packages:${PYTHONPATH} /usr/bin/python3 -W ignore:setup.py install is deprecated -W ignore:easy_install command is deprecated setup.py develop --uninstall --editable --build-directory /home/shreyap7/cs498/ros2_ws/build/mobile_robotics/build
[1.542s] running develop
[1.765s] Removing /home/shreyap7/cs498/ros2_ws/install/mobile_robotics/lib/python3.10/site-packages/mobile-robotics.egg-link (link to .)
[1.812s] Invoked command in '/home/shreyap7/cs498/ros2_ws/build/mobile_robotics' returned '0': PYTHONPATH=/home/shreyap7/cs498/ros2_ws/build/mobile_robotics/prefix_override:/home/shreyap7/.local/lib/python3.10/site-packages/colcon_core/task/python/colcon_distutils_commands:/home/shreyap7/cs498/ros2_ws/install/mobile_robotics/lib/python3.10/site-packages:${PYTHONPATH} /usr/bin/python3 -W ignore:setup.py install is deprecated -W ignore:easy_install command is deprecated setup.py develop --uninstall --editable --build-directory /home/shreyap7/cs498/ros2_ws/build/mobile_robotics/build
[1.817s] Invoking command in '/home/shreyap7/cs498/ros2_ws/src/mobile_robotics': PYTHONPATH=/home/shreyap7/cs498/ros2_ws/build/mobile_robotics/prefix_override:/home/shreyap7/.local/lib/python3.10/site-packages/colcon_core/task/python/colcon_distutils_commands:/home/shreyap7/cs498/ros2_ws/install/mobile_robotics/lib/python3.10/site-packages:${PYTHONPATH} /usr/bin/python3 -W ignore:setup.py install is deprecated -W ignore:easy_install command is deprecated setup.py egg_info --egg-base ../../build/mobile_robotics build --build-base /home/shreyap7/cs498/ros2_ws/build/mobile_robotics/build install --record /home/shreyap7/cs498/ros2_ws/build/mobile_robotics/install.log --single-version-externally-managed install_data --force
[2.117s] running egg_info
[2.119s] writing ../../build/mobile_robotics/mobile_robotics.egg-info/PKG-INFO
[2.119s] writing dependency_links to ../../build/mobile_robotics/mobile_robotics.egg-info/dependency_links.txt
[2.119s] writing entry points to ../../build/mobile_robotics/mobile_robotics.egg-info/entry_points.txt
[2.119s] writing requirements to ../../build/mobile_robotics/mobile_robotics.egg-info/requires.txt
[2.120s] writing top-level names to ../../build/mobile_robotics/mobile_robotics.egg-info/top_level.txt
[2.123s] reading manifest file '../../build/mobile_robotics/mobile_robotics.egg-info/SOURCES.txt'
[2.127s] writing manifest file '../../build/mobile_robotics/mobile_robotics.egg-info/SOURCES.txt'
[2.127s] running build
[2.127s] running build_py
[2.127s] copying mobile_robotics/coding_ex2.py -> /home/shreyap7/cs498/ros2_ws/build/mobile_robotics/build/lib/mobile_robotics
[2.130s] running install
[2.130s] running install_lib
[2.132s] creating /home/shreyap7/cs498/ros2_ws/install/mobile_robotics/lib/python3.10/site-packages/mobile_robotics
[2.132s] copying /home/shreyap7/cs498/ros2_ws/build/mobile_robotics/build/lib/mobile_robotics/utils.py -> /home/shreyap7/cs498/ros2_ws/install/mobile_robotics/lib/python3.10/site-packages/mobile_robotics
[2.133s] copying /home/shreyap7/cs498/ros2_ws/build/mobile_robotics/build/lib/mobile_robotics/coding_ex1_part1.py -> /home/shreyap7/cs498/ros2_ws/install/mobile_robotics/lib/python3.10/site-packages/mobile_robotics
[2.134s] copying /home/shreyap7/cs498/ros2_ws/build/mobile_robotics/build/lib/mobile_robotics/coding_ex1_part2.py -> /home/shreyap7/cs498/ros2_ws/install/mobile_robotics/lib/python3.10/site-packages/mobile_robotics
[2.135s] copying /home/shreyap7/cs498/ros2_ws/build/mobile_robotics/build/lib/mobile_robotics/coding_ex2.py -> /home/shreyap7/cs498/ros2_ws/install/mobile_robotics/lib/python3.10/site-packages/mobile_robotics
[2.135s] copying /home/shreyap7/cs498/ros2_ws/build/mobile_robotics/build/lib/mobile_robotics/__init__.py -> /home/shreyap7/cs498/ros2_ws/install/mobile_robotics/lib/python3.10/site-packages/mobile_robotics
[2.136s] byte-compiling /home/shreyap7/cs498/ros2_ws/install/mobile_robotics/lib/python3.10/site-packages/mobile_robotics/utils.py to utils.cpython-310.pyc
[2.138s] byte-compiling /home/shreyap7/cs498/ros2_ws/install/mobile_robotics/lib/python3.10/site-packages/mobile_robotics/coding_ex1_part1.py to coding_ex1_part1.cpython-310.pyc
[2.139s] byte-compiling /home/shreyap7/cs498/ros2_ws/install/mobile_robotics/lib/python3.10/site-packages/mobile_robotics/coding_ex1_part2.py to coding_ex1_part2.cpython-310.pyc
[2.142s] byte-compiling /home/shreyap7/cs498/ros2_ws/install/mobile_robotics/lib/python3.10/site-packages/mobile_robotics/coding_ex2.py to coding_ex2.cpython-310.pyc
[2.146s] byte-compiling /home/shreyap7/cs498/ros2_ws/install/mobile_robotics/lib/python3.10/site-packages/mobile_robotics/__init__.py to __init__.cpython-310.pyc
[2.146s] running install_data
[2.146s] copying resource/mobile_robotics -> /home/shreyap7/cs498/ros2_ws/install/mobile_robotics/share/ament_index/resource_index/packages
[2.149s] copying package.xml -> /home/shreyap7/cs498/ros2_ws/install/mobile_robotics/share/mobile_robotics
[2.151s] running install_egg_info
[2.153s] Copying ../../build/mobile_robotics/mobile_robotics.egg-info to /home/shreyap7/cs498/ros2_ws/install/mobile_robotics/lib/python3.10/site-packages/mobile_robotics-0.0.0-py3.10.egg-info
[2.157s] running install_scripts
[2.184s] Installing cod_ex2 script to /home/shreyap7/cs498/ros2_ws/install/mobile_robotics/lib/mobile_robotics
[2.185s] Installing part1 script to /home/shreyap7/cs498/ros2_ws/install/mobile_robotics/lib/mobile_robotics
[2.185s] Installing part2 script to /home/shreyap7/cs498/ros2_ws/install/mobile_robotics/lib/mobile_robotics
[2.185s] writing list of installed files to '/home/shreyap7/cs498/ros2_ws/build/mobile_robotics/install.log'
[2.215s] Invoked command in '/home/shreyap7/cs498/ros2_ws/src/mobile_robotics' returned '0': PYTHONPATH=/home/shreyap7/cs498/ros2_ws/build/mobile_robotics/prefix_override:/home/shreyap7/.local/lib/python3.10/site-packages/colcon_core/task/python/colcon_distutils_commands:/home/shreyap7/cs498/ros2_ws/install/mobile_robotics/lib/python3.10/site-packages:${PYTHONPATH} /usr/bin/python3 -W ignore:setup.py install is deprecated -W ignore:easy_install command is deprecated setup.py egg_info --egg-base ../../build/mobile_robotics build --build-base /home/shreyap7/cs498/ros2_ws/build/mobile_robotics/build install --record /home/shreyap7/cs498/ros2_ws/build/mobile_robotics/install.log --single-version-externally-managed install_data --force
