[0.000000] (-) TimerEvent: {}
[0.000258] (mobile_robotics) JobQueued: {'identifier': 'mobile_robotics', 'dependencies': OrderedDict()}
[0.000302] (mobile_robotics) JobStarted: {'identifier': 'mobile_robotics'}
[0.099685] (-) TimerEvent: {}
[0.200058] (-) TimerEvent: {}
[0.300399] (-) TimerEvent: {}
[0.400757] (-) TimerEvent: {}
[0.501148] (-) TimerEvent: {}
[0.601562] (-) TimerEvent: {}
[0.701883] (-) TimerEvent: {}
[0.802331] (-) TimerEvent: {}
[0.814076] (mobile_robotics) Command: {'cmd': ['/usr/bin/python3', '-W', 'ignore:setup.py install is deprecated', '-W', 'ignore:easy_install command is deprecated', 'setup.py', 'develop', '--editable', '--build-directory', '/home/shreyap7/cs498/ros2_ws/build/mobile_robotics/build', '--no-deps', 'symlink_data'], 'cwd': '/home/shreyap7/cs498/ros2_ws/build/mobile_robotics', 'env': {'LESSOPEN': '| /usr/bin/lesspipe %s', 'VSCODE_CWD': '/mnt/c/Users/shrey/AppData/Local/Programs/cursor', 'VSCODE_ESM_ENTRYPOINT': 'vs/workbench/api/node/extensionHostProcess', 'USER': 'shreyap7', 'VSCODE_NLS_CONFIG': '{"userLocale":"en","osLocale":"en","resolvedLanguage":"en","defaultMessagesFile":"/home/shreyap7/.cursor-server/bin/7a31bffd467aa2d9adfda69076eb924e9062cb20/out/nls.messages.json","locale":"en","availableLanguages":{}}', 'VSCODE_HANDLES_UNCAUGHT_ERRORS': 'true', 'SHLVL': '0', 'LD_LIBRARY_PATH': '/opt/ros/humble/opt/rviz_ogre_vendor/lib:/opt/ros/humble/lib/x86_64-linux-gnu:/opt/ros/humble/lib', 'MOTD_SHOWN': 'update-motd', 'HOME': '/home/shreyap7', 'OLDPWD': '/home/shreyap7/cs498/ros2_ws', 'NVM_BIN': '/home/shreyap7/.nvm/versions/node/v22.20.0/bin', 'VSCODE_IPC_HOOK_CLI': '/run/user/1000/vscode-ipc-8db6e2d2-6fc8-4bc1-be90-8278c20898aa.sock', 'NVM_INC': '/home/shreyap7/.nvm/versions/node/v22.20.0/include/node', 'ROS_PYTHON_VERSION': '3', 'NO_COLOR': '1', 'DBUS_SESSION_BUS_ADDRESS': 'unix:path=/run/user/1000/bus', 'WSL_DISTRO_NAME': 'Ubuntu-22.04', 'NVM_DIR': '/home/shreyap7/.nvm', 'WAYLAND_DISPLAY': 'wayland-0', 'VSCODE_L10N_BUNDLE_LOCATION': '', 'COLCON_PREFIX_PATH': '/home/shreyap7/cs498/ros2_ws/install', 'ROS_DISTRO': 'humble', 'LOGNAME': 'shreyap7', 'FORCE_COLOR': '0', 'NAME': 'shreyas-laptop', 'WSL_INTEROP': '/run/WSL/430_interop', 'VSCODE_HANDLES_SIGPIPE': 'true', 'PULSE_SERVER': 'unix:/mnt/wslg/PulseServer', '_': '/home/shreyap7/.local/bin/colcon', 'ROS_VERSION': '2', 'TERM': 'dumb', 'ROS_LOCALHOST_ONLY': '0', 'COMPOSER_NO_INTERACTION': '1', 'PATH': '/home/shreyap7/.local/bin:/home/shreyap7/.npm-global/bin:/opt/toolchains/riscv/bin/:/home/shreyap7/.cursor-server/bin/7a31bffd467aa2d9adfda69076eb924e9062cb20/bin/remote-cli:/home/shreyap7/.local/bin:/home/shreyap7/.npm-global/bin:/home/shreyap7/.nvm/versions/node/v22.20.0/bin:/opt/ros/humble/bin:/opt/toolchains/riscv/bin/:/home/shreyap7/.cursor-server/bin/7a31bffd467aa2d9adfda69076eb924e9062cb20/bin/remote-cli:/usr/local/sbin:/usr/local/bin:/usr/sbin:/usr/bin:/sbin:/bin:/usr/games:/usr/local/games:/usr/lib/wsl/lib:/mnt/c/Program Files/Common Files/Oracle/Java/javapath:/mnt/c/WINDOWS/system32:/mnt/c/WINDOWS:/mnt/c/WINDOWS/System32/Wbem:/mnt/c/WINDOWS/System32/WindowsPowerShell/v1.0/:/mnt/c/WINDOWS/System32/OpenSSH/:/mnt/c/Program Files/dotnet/:/mnt/c/Program Files/Git/cmd:/mnt/c/Users/shrey/AppData/Local/Android/Sdk/platform-tools:/mnt/c/Program Files/Java/jdk-17/bin:/mnt/c/Users/shrey/AppData/Local/Android/Sdk/tools:/mnt/c/Users/shrey/AppData/Local/Android/Sdk/tools/bin:/mnt/c/Users/shrey/AppData/Local/Android/Sdk/platform-tools:/mnt/c/Program Files (x86)/GnuWin32/bin:/mnt/c/Users/shrey/AppData/Roaming/nvm:/mnt/c/Program Files/nodejs:/mnt/c/Program Files/nvm:/mnt/c/Program Files/PuTTY/:/mnt/c/Program Files/PHP:/mnt/c/ProgramData/ComposerSetup/bin:/mnt/c/Users/shrey/AppData/Roaming/Composer/vendor/bin/json_pp:/mnt/c/Program Files/curl-8.12.1_4-win64-mingw:/mnt/c/ExifTool:/mnt/c/Users/shrey/AppData/Local/Microsoft/WindowsApps:/mnt/c/Users/shrey/AppData/Local/Programs/Microsoft VS Code/bin:/mnt/c/Users/shrey/AppData/Roaming/npm:/mnt/c/Users/shrey/AppData/Roaming/nvm:/mnt/c/Program Files/nodejs:/mnt/c/Users/shrey/AppData/Roaming/Composer/vendor/bin:/mnt/c/Users/shrey/AppData/Local/Programs/cursor/resources/app/bin:/snap/bin', 'XDG_RUNTIME_DIR': '/run/user/1000/', 'CURSOR_AGENT': '1', 'DISPLAY': ':0', 'LANG': 'C.UTF-8', 'LS_COLORS': '', 'AMENT_PREFIX_PATH': '/home/shreyap7/cs498/ros2_ws/install/mobile_robotics:/opt/ros/humble', 'SHELL': '/bin/bash', 'LESSCLOSE': '/usr/bin/lesspipe %s %s', 'PWD': '/home/shreyap7/cs498/ros2_ws/build/mobile_robotics', 'NVM_CD_FLAGS': '', 'XDG_DATA_DIRS': '/usr/local/share:/usr/share:/var/lib/snapd/desktop', 'PYTHONPATH': '/home/shreyap7/cs498/ros2_ws/build/mobile_robotics/prefix_override:/home/shreyap7/.local/lib/python3.10/site-packages/colcon_core/task/python/colcon_distutils_commands:/home/shreyap7/cs498/ros2_ws/install/mobile_robotics/lib/python3.10/site-packages:/home/shreyap7/cs498/ros2_ws/build/mobile_robotics:/home/shreyap7/cs498/ros2_ws/install/mobile_robotics/lib/python3.10/site-packages:/opt/ros/humble/lib/python3.10/site-packages:/opt/ros/humble/local/lib/python3.10/dist-packages', 'COLCON': '1', 'WSL2_GUI_APPS_ENABLED': '1', 'HOSTTYPE': 'x86_64', 'WSLENV': ''}, 'shell': False}
[0.902544] (-) TimerEvent: {}
[1.002996] (-) TimerEvent: {}
[1.013852] (mobile_robotics) StdoutLine: {'line': b'running develop\n'}
[1.103206] (-) TimerEvent: {}
[1.146558] (mobile_robotics) StdoutLine: {'line': b'running egg_info\n'}
[1.147135] (mobile_robotics) StdoutLine: {'line': b'writing mobile_robotics.egg-info/PKG-INFO\n'}
[1.147253] (mobile_robotics) StdoutLine: {'line': b'writing dependency_links to mobile_robotics.egg-info/dependency_links.txt\n'}
[1.147494] (mobile_robotics) StdoutLine: {'line': b'writing entry points to mobile_robotics.egg-info/entry_points.txt\n'}
[1.147544] (mobile_robotics) StdoutLine: {'line': b'writing requirements to mobile_robotics.egg-info/requires.txt\n'}
[1.147579] (mobile_robotics) StdoutLine: {'line': b'writing top-level names to mobile_robotics.egg-info/top_level.txt\n'}
[1.148571] (mobile_robotics) StdoutLine: {'line': b"reading manifest file 'mobile_robotics.egg-info/SOURCES.txt'\n"}
[1.149115] (mobile_robotics) StdoutLine: {'line': b"writing manifest file 'mobile_robotics.egg-info/SOURCES.txt'\n"}
[1.150497] (mobile_robotics) StdoutLine: {'line': b'running build_ext\n'}
[1.150831] (mobile_robotics) StdoutLine: {'line': b'Creating /home/shreyap7/cs498/ros2_ws/install/mobile_robotics/lib/python3.10/site-packages/mobile-robotics.egg-link (link to .)\n'}
[1.151550] (mobile_robotics) StdoutLine: {'line': b'Installing cod_ex2 script to /home/shreyap7/cs498/ros2_ws/install/mobile_robotics/lib/mobile_robotics\n'}
[1.151937] (mobile_robotics) StdoutLine: {'line': b'Installing part1 script to /home/shreyap7/cs498/ros2_ws/install/mobile_robotics/lib/mobile_robotics\n'}
[1.152033] (mobile_robotics) StdoutLine: {'line': b'Installing part2 script to /home/shreyap7/cs498/ros2_ws/install/mobile_robotics/lib/mobile_robotics\n'}
[1.152357] (mobile_robotics) StdoutLine: {'line': b'\n'}
[1.152417] (mobile_robotics) StdoutLine: {'line': b'Installed /home/shreyap7/cs498/ros2_ws/build/mobile_robotics\n'}
[1.152465] (mobile_robotics) StdoutLine: {'line': b'running symlink_data\n'}
[1.182263] (mobile_robotics) CommandEnded: {'returncode': 0}
[1.201179] (mobile_robotics) JobEnded: {'identifier': 'mobile_robotics', 'rc': 0}
[1.202050] (-) EventReactorShutdown: {}
