[0.000000] (-) TimerEvent: {}
[0.000114] (mobile_robotics) JobQueued: {'identifier': 'mobile_robotics', 'dependencies': OrderedDict()}
[0.000918] (mobile_robotics) JobStarted: {'identifier': 'mobile_robotics'}
[0.099611] (-) TimerEvent: {}
[0.199995] (-) TimerEvent: {}
[0.300364] (-) TimerEvent: {}
[0.400897] (-) TimerEvent: {}
[0.501231] (-) TimerEvent: {}
[0.601618] (-) TimerEvent: {}
[0.702014] (-) TimerEvent: {}
[0.802495] (-) TimerEvent: {}
[0.823673] (mobile_robotics) Command: {'cmd': ['/usr/bin/python3', '-W', 'ignore:setup.py install is deprecated', '-W', 'ignore:easy_install command is deprecated', 'setup.py', 'develop', '--editable', '--build-directory', '/home/shreyap7/cs498/ros2_ws/build/mobile_robotics/build', '--no-deps', 'symlink_data'], 'cwd': '/home/shreyap7/cs498/ros2_ws/build/mobile_robotics', 'env': {'LESSOPEN': '| /usr/bin/lesspipe %s', 'VSCODE_CWD': '/mnt/c/Users/shrey/AppData/Local/Programs/cursor', 'VSCODE_ESM_ENTRYPOINT': 'vs/workbench/api/node/extensionHostProcess', 'USER': 'shreyap7', 'VSCODE_NLS_CONFIG': '{"userLocale":"en","osLocale":"en","resolvedLanguage":"en","defaultMessagesFile":"/home/shreyap7/.cursor-server/bin/7a31bffd467aa2d9adfda69076eb924e9062cb20/out/nls.messages.json","locale":"en","availableLanguages":{}}', 'VSCODE_HANDLES_UNCAUGHT_ERRORS': 'true', 'DEBUG': '1', 'SHLVL': '1', 'LD_LIBRARY_PATH': '/opt/ros/humble/opt/rviz_ogre_vendor/lib:/opt/ros/humble/lib/x86_64-linux-gnu:/opt/ros/humble/lib', 'MOTD_SHOWN': 'update-motd', 'HOME': '/home/shreyap7', 'OLDPWD': '/home/shreyap7/cs498', 'NVM_BIN': '/home/shreyap7/.nvm/versions/node/v22.20.0/bin', 'VSCODE_IPC_HOOK_CLI': '/run/user/1000/vscode-ipc-4276ecd6-3a19-44bc-ad4f-a43a2603218f.sock', 'NVM_INC': '/home/shreyap7/.nvm/versions/node/v22.20.0/include/node', 'ROS_PYTHON_VERSION': '3', 'NO_COLOR': '1', 'DBUS_SESSION_BUS_ADDRESS': 'unix:path=/run/user/1000/bus', 'WSL_DISTRO_NAME': 'Ubuntu-22.04', 'NVM_DIR': '/home/shreyap7/.nvm', 'WAYLAND_DISPLAY': 'wayland-0', 'VSCODE_L10N_BUNDLE_LOCATION': '', 'ROS_DISTRO': 'humble', 'LOGNAME': 'shreyap7', 'FORCE_COLOR': '0', 'NAME': 'shreyas-laptop', 'WSL_INTEROP': '/run/WSL/434_interop', 'VSCODE_HANDLES_SIGPIPE': 'true', 'PULSE_SERVER': 'unix:/mnt/wslg/PulseServer', '_': '/home/shreyap7/.local/bin/colcon', 'ROS_VERSION': '2', 'TERM': 'dumb', 'ROS_LOCALHOST_ONLY': '0', 'COMPOSER_NO_INTERACTION': '1', 'PATH': '/home/shreyap7/.local/bin:/home/shreyap7/.npm-global/bin:/opt/toolchains/riscv/bin/:/home/shreyap7/.cursor-server/bin/7a31bffd467aa2d9adfda69076eb924e9062cb20/bin/remote-cli:/home/shreyap7/.local/bin:/home/shreyap7/.npm-global/bin:/home/shreyap7/.nvm/versions/node/v22.20.0/bin:/opt/ros/humble/bin:/opt/toolchains/riscv/bin/:/home/shreyap7/.cursor-server/bin/7a31bffd467aa2d9adfda69076eb924e9062cb20/bin/remote-cli:/usr/local/sbin:/usr/local/bin:/usr/sbin:/usr/bin:/sbin:/bin:/usr/games:/usr/local/games:/usr/lib/wsl/lib:/mnt/c/Program Files/Common Files/Oracle/Java/javapath:/mnt/c/WINDOWS/system32:/mnt/c/WINDOWS:/mnt/c/WINDOWS/System32/Wbem:/mnt/c/WINDOWS/System32/WindowsPowerShell/v1.0/:/mnt/c/WINDOWS/System32/OpenSSH/:/mnt/c/Program Files/dotnet/:/mnt/c/Program Files/Git/cmd:/mnt/c/Users/shrey/AppData/Local/Android/Sdk/platform-tools:/mnt/c/Program Files/Java/jdk-17/bin:/mnt/c/Users/shrey/AppData/Local/Android/Sdk/tools:/mnt/c/Users/shrey/AppData/Local/Android/Sdk/tools/bin:/mnt/c/Users/shrey/AppData/Local/Android/Sdk/platform-tools:/mnt/c/Program Files (x86)/GnuWin32/bin:/mnt/c/Users/shrey/AppData/Roaming/nvm:/mnt/c/Program Files/nodejs:/mnt/c/Program Files/nvm:/mnt/c/Program Files/PuTTY/:/mnt/c/Program Files/PHP:/mnt/c/ProgramData/ComposerSetup/bin:/mnt/c/Users/shrey/AppData/Roaming/Composer/vendor/bin/json_pp:/mnt/c/Program Files/curl-8.12.1_4-win64-mingw:/mnt/c/ExifTool:/mnt/c/Users/shrey/AppData/Local/Microsoft/WindowsApps:/mnt/c/Users/shrey/AppData/Local/Programs/Microsoft VS Code/bin:/mnt/c/Users/shrey/AppData/Roaming/npm:/mnt/c/Users/shrey/AppData/Roaming/nvm:/mnt/c/Program Files/nodejs:/mnt/c/Users/shrey/AppData/Roaming/Composer/vendor/bin:/mnt/c/Users/shrey/AppData/Local/Programs/cursor/resources/app/bin:/snap/bin', 'XDG_RUNTIME_DIR': '/run/user/1000/', 'CURSOR_AGENT': '1', 'DISPLAY': ':0', 'LANG': 'C.UTF-8', 'LS_COLORS': '', 'AMENT_PREFIX_PATH': '/opt/ros/humble', 'SHELL': '/bin/bash', 'LESSCLOSE': '/usr/bin/lesspipe %s %s', 'PWD': '/home/shreyap7/cs498/ros2_ws/build/mobile_robotics', 'NVM_CD_FLAGS': '', 'XDG_DATA_DIRS': '/usr/local/share:/usr/share:/var/lib/snapd/desktop', 'PYTHONPATH': '/home/shreyap7/cs498/ros2_ws/build/mobile_robotics/prefix_override:/home/shreyap7/.local/lib/python3.10/site-packages/colcon_core/task/python/colcon_distutils_commands:/home/shreyap7/cs498/ros2_ws/install/mobile_robotics/lib/python3.10/site-packages:/opt/ros/humble/lib/python3.10/site-packages:/opt/ros/humble/local/lib/python3.10/dist-packages', 'COLCON': '1', 'WSL2_GUI_APPS_ENABLED': '1', 'HOSTTYPE': 'x86_64', 'WSLENV': ''}, 'shell': False}
[0.902852] (-) TimerEvent: {}
[1.003350] (-) TimerEvent: {}
[1.103739] (-) TimerEvent: {}
[1.156632] (mobile_robotics) StdoutLine: {'line': b'running develop\n'}
[1.204043] (-) TimerEvent: {}
[1.304764] (-) TimerEvent: {}
[1.365536] (mobile_robotics) StdoutLine: {'line': b'running egg_info\n'}
[1.365780] (mobile_robotics) StdoutLine: {'line': b'writing mobile_robotics.egg-info/PKG-INFO\n'}
[1.366551] (mobile_robotics) StdoutLine: {'line': b'writing dependency_links to mobile_robotics.egg-info/dependency_links.txt\n'}
[1.367177] (mobile_robotics) StdoutLine: {'line': b'writing entry points to mobile_robotics.egg-info/entry_points.txt\n'}
[1.367255] (mobile_robotics) StdoutLine: {'line': b'writing requirements to mobile_robotics.egg-info/requires.txt\n'}
[1.367304] (mobile_robotics) StdoutLine: {'line': b'writing top-level names to mobile_robotics.egg-info/top_level.txt\n'}
[1.369167] (mobile_robotics) StdoutLine: {'line': b"reading manifest file 'mobile_robotics.egg-info/SOURCES.txt'\n"}
[1.370341] (mobile_robotics) StdoutLine: {'line': b"writing manifest file 'mobile_robotics.egg-info/SOURCES.txt'\n"}
[1.372090] (mobile_robotics) StdoutLine: {'line': b'running build_ext\n'}
[1.372195] (mobile_robotics) StdoutLine: {'line': b'Creating /home/shreyap7/cs498/ros2_ws/install/mobile_robotics/lib/python3.10/site-packages/mobile-robotics.egg-link (link to .)\n'}
[1.373417] (mobile_robotics) StdoutLine: {'line': b'Installing cod_ex2 script to /home/shreyap7/cs498/ros2_ws/install/mobile_robotics/lib/mobile_robotics\n'}
[1.373819] (mobile_robotics) StdoutLine: {'line': b'Installing part1 script to /home/shreyap7/cs498/ros2_ws/install/mobile_robotics/lib/mobile_robotics\n'}
[1.374205] (mobile_robotics) StdoutLine: {'line': b'Installing part2 script to /home/shreyap7/cs498/ros2_ws/install/mobile_robotics/lib/mobile_robotics\n'}
[1.374639] (mobile_robotics) StdoutLine: {'line': b'\n'}
[1.374740] (mobile_robotics) StdoutLine: {'line': b'Installed /home/shreyap7/cs498/ros2_ws/build/mobile_robotics\n'}
[1.374791] (mobile_robotics) StdoutLine: {'line': b'running symlink_data\n'}
[1.404934] (-) TimerEvent: {}
[1.409060] (mobile_robotics) CommandEnded: {'returncode': 0}
[1.429423] (mobile_robotics) JobEnded: {'identifier': 'mobile_robotics', 'rc': 0}
[1.430488] (-) EventReactorShutdown: {}
