[0.820s] Invoking command in '/home/shreyap7/cs498/ros2_ws/build/mobile_robotics': PYTHONPATH=/home/shreyap7/cs498/ros2_ws/build/mobile_robotics/prefix_override:/home/shreyap7/.local/lib/python3.10/site-packages/colcon_core/task/python/colcon_distutils_commands:/home/shreyap7/cs498/ros2_ws/install/mobile_robotics/lib/python3.10/site-packages:${PYTHONPATH} /usr/bin/python3 -W ignore:setup.py install is deprecated -W ignore:easy_install command is deprecated setup.py develop --uninstall --editable --build-directory /home/shreyap7/cs498/ros2_ws/build/mobile_robotics/build
[1.158s] running develop
[1.364s] Removing /home/shreyap7/cs498/ros2_ws/install/mobile_robotics/lib/python3.10/site-packages/mobile-robotics.egg-link (link to .)
[1.403s] Invoked command in '/home/shreyap7/cs498/ros2_ws/build/mobile_robotics' returned '0': PYTHONPATH=/home/shreyap7/cs498/ros2_ws/build/mobile_robotics/prefix_override:/home/shreyap7/.local/lib/python3.10/site-packages/colcon_core/task/python/colcon_distutils_commands:/home/shreyap7/cs498/ros2_ws/install/mobile_robotics/lib/python3.10/site-packages:${PYTHONPATH} /usr/bin/python3 -W ignore:setup.py install is deprecated -W ignore:easy_install command is deprecated setup.py develop --uninstall --editable --build-directory /home/shreyap7/cs498/ros2_ws/build/mobile_robotics/build
[1.405s] Invoking command in '/home/shreyap7/cs498/ros2_ws/src/mobile_robotics': PYTHONPATH=/home/shreyap7/cs498/ros2_ws/build/mobile_robotics/prefix_override:/home/shreyap7/.local/lib/python3.10/site-packages/colcon_core/task/python/colcon_distutils_commands:/home/shreyap7/cs498/ros2_ws/install/mobile_robotics/lib/python3.10/site-packages:${PYTHONPATH} /usr/bin/python3 -W ignore:setup.py install is deprecated -W ignore:easy_install command is deprecated setup.py egg_info --egg-base ../../build/mobile_robotics build --build-base /home/shreyap7/cs498/ros2_ws/build/mobile_robotics/build install --record /home/shreyap7/cs498/ros2_ws/build/mobile_robotics/install.log --single-version-externally-managed install_data --force
[1.687s] running egg_info
[1.689s] writing ../../build/mobile_robotics/mobile_robotics.egg-info/PKG-INFO
[1.689s] writing dependency_links to ../../build/mobile_robotics/mobile_robotics.egg-info/dependency_links.txt
[1.690s] writing entry points to ../../build/mobile_robotics/mobile_robotics.egg-info/entry_points.txt
[1.690s] writing requirements to ../../build/mobile_robotics/mobile_robotics.egg-info/requires.txt
[1.690s] writing top-level names to ../../build/mobile_robotics/mobile_robotics.egg-info/top_level.txt
[1.694s] reading manifest file '../../build/mobile_robotics/mobile_robotics.egg-info/SOURCES.txt'
[1.697s] writing manifest file '../../build/mobile_robotics/mobile_robotics.egg-info/SOURCES.txt'
[1.697s] running build
[1.697s] running build_py
[1.698s] copying mobile_robotics/coding_ex2.py -> /home/shreyap7/cs498/ros2_ws/build/mobile_robotics/build/lib/mobile_robotics
[1.699s] running install
[1.700s] running install_lib
[1.702s] creating /home/shreyap7/cs498/ros2_ws/install/mobile_robotics/lib/python3.10/site-packages/mobile_robotics
[1.703s] copying /home/shreyap7/cs498/ros2_ws/build/mobile_robotics/build/lib/mobile_robotics/utils.py -> /home/shreyap7/cs498/ros2_ws/install/mobile_robotics/lib/python3.10/site-packages/mobile_robotics
[1.704s] copying /home/shreyap7/cs498/ros2_ws/build/mobile_robotics/build/lib/mobile_robotics/coding_ex1_part1.py -> /home/shreyap7/cs498/ros2_ws/install/mobile_robotics/lib/python3.10/site-packages/mobile_robotics
[1.705s] copying /home/shreyap7/cs498/ros2_ws/build/mobile_robotics/build/lib/mobile_robotics/coding_ex1_part2.py -> /home/shreyap7/cs498/ros2_ws/install/mobile_robotics/lib/python3.10/site-packages/mobile_robotics
[1.706s] copying /home/shreyap7/cs498/ros2_ws/build/mobile_robotics/build/lib/mobile_robotics/coding_ex2.py -> /home/shreyap7/cs498/ros2_ws/install/mobile_robotics/lib/python3.10/site-packages/mobile_robotics
[1.706s] copying /home/shreyap7/cs498/ros2_ws/build/mobile_robotics/build/lib/mobile_robotics/__init__.py -> /home/shreyap7/cs498/ros2_ws/install/mobile_robotics/lib/python3.10/site-packages/mobile_robotics
[1.707s] byte-compiling /home/shreyap7/cs498/ros2_ws/install/mobile_robotics/lib/python3.10/site-packages/mobile_robotics/utils.py to utils.cpython-310.pyc
[1.709s] byte-compiling /home/shreyap7/cs498/ros2_ws/install/mobile_robotics/lib/python3.10/site-packages/mobile_robotics/coding_ex1_part1.py to coding_ex1_part1.cpython-310.pyc
[1.711s] byte-compiling /home/shreyap7/cs498/ros2_ws/install/mobile_robotics/lib/python3.10/site-packages/mobile_robotics/coding_ex1_part2.py to coding_ex1_part2.cpython-310.pyc
[1.713s] byte-compiling /home/shreyap7/cs498/ros2_ws/install/mobile_robotics/lib/python3.10/site-packages/mobile_robotics/coding_ex2.py to coding_ex2.cpython-310.pyc
[1.720s] byte-compiling /home/shreyap7/cs498/ros2_ws/install/mobile_robotics/lib/python3.10/site-packages/mobile_robotics/__init__.py to __init__.cpython-310.pyc
[1.721s] running install_data
[1.721s] copying resource/mobile_robotics -> /home/shreyap7/cs498/ros2_ws/install/mobile_robotics/share/ament_index/resource_index/packages
[1.722s] copying package.xml -> /home/shreyap7/cs498/ros2_ws/install/mobile_robotics/share/mobile_robotics
[1.722s] running install_egg_info
[1.724s] Copying ../../build/mobile_robotics/mobile_robotics.egg-info to /home/shreyap7/cs498/ros2_ws/install/mobile_robotics/lib/python3.10/site-packages/mobile_robotics-0.0.0-py3.10.egg-info
[1.729s] running install_scripts
[1.756s] Installing cod_ex2 script to /home/shreyap7/cs498/ros2_ws/install/mobile_robotics/lib/mobile_robotics
[1.756s] Installing part1 script to /home/shreyap7/cs498/ros2_ws/install/mobile_robotics/lib/mobile_robotics
[1.757s] Installing part2 script to /home/shreyap7/cs498/ros2_ws/install/mobile_robotics/lib/mobile_robotics
[1.757s] writing list of installed files to '/home/shreyap7/cs498/ros2_ws/build/mobile_robotics/install.log'
[1.786s] Invoked command in '/home/shreyap7/cs498/ros2_ws/src/mobile_robotics' returned '0': PYTHONPATH=/home/shreyap7/cs498/ros2_ws/build/mobile_robotics/prefix_override:/home/shreyap7/.local/lib/python3.10/site-packages/colcon_core/task/python/colcon_distutils_commands:/home/shreyap7/cs498/ros2_ws/install/mobile_robotics/lib/python3.10/site-packages:${PYTHONPATH} /usr/bin/python3 -W ignore:setup.py install is deprecated -W ignore:easy_install command is deprecated setup.py egg_info --egg-base ../../build/mobile_robotics build --build-base /home/shreyap7/cs498/ros2_ws/build/mobile_robotics/build install --record /home/shreyap7/cs498/ros2_ws/build/mobile_robotics/install.log --single-version-externally-managed install_data --force
