[0.620s] Invoking command in '/home/shreyap7/cs498/ros2_ws/src/mobile_robotics': PYTHONPATH=/home/shreyap7/cs498/ros2_ws/build/mobile_robotics/prefix_override:/home/shreyap7/.local/lib/python3.10/site-packages/colcon_core/task/python/colcon_distutils_commands:/home/shreyap7/cs498/ros2_ws/install/mobile_robotics/lib/python3.10/site-packages:${PYTHONPATH} /usr/bin/python3 -W ignore:setup.py install is deprecated -W ignore:easy_install command is deprecated setup.py egg_info --egg-base ../../build/mobile_robotics build --build-base /home/shreyap7/cs498/ros2_ws/build/mobile_robotics/build install --record /home/shreyap7/cs498/ros2_ws/build/mobile_robotics/install.log --single-version-externally-managed install_data
[0.857s] running egg_info
[0.857s] writing ../../build/mobile_robotics/mobile_robotics.egg-info/PKG-INFO
[0.858s] writing dependency_links to ../../build/mobile_robotics/mobile_robotics.egg-info/dependency_links.txt
[0.858s] writing entry points to ../../build/mobile_robotics/mobile_robotics.egg-info/entry_points.txt
[0.858s] writing requirements to ../../build/mobile_robotics/mobile_robotics.egg-info/requires.txt
[0.859s] writing top-level names to ../../build/mobile_robotics/mobile_robotics.egg-info/top_level.txt
[0.860s] reading manifest file '../../build/mobile_robotics/mobile_robotics.egg-info/SOURCES.txt'
[0.860s] writing manifest file '../../build/mobile_robotics/mobile_robotics.egg-info/SOURCES.txt'
[0.861s] running build
[0.861s] running build_py
[0.861s] copying mobile_robotics/coding_ex1_part1.py -> /home/shreyap7/cs498/ros2_ws/build/mobile_robotics/build/lib/mobile_robotics
[0.861s] copying mobile_robotics/coding_ex1_part2.py -> /home/shreyap7/cs498/ros2_ws/build/mobile_robotics/build/lib/mobile_robotics
[0.861s] running install
[0.861s] running install_lib
[0.861s] copying /home/shreyap7/cs498/ros2_ws/build/mobile_robotics/build/lib/mobile_robotics/coding_ex1_part1.py -> /home/shreyap7/cs498/ros2_ws/install/mobile_robotics/lib/python3.10/site-packages/mobile_robotics
[0.861s] copying /home/shreyap7/cs498/ros2_ws/build/mobile_robotics/build/lib/mobile_robotics/coding_ex1_part2.py -> /home/shreyap7/cs498/ros2_ws/install/mobile_robotics/lib/python3.10/site-packages/mobile_robotics
[0.862s] byte-compiling /home/shreyap7/cs498/ros2_ws/install/mobile_robotics/lib/python3.10/site-packages/mobile_robotics/coding_ex1_part1.py to coding_ex1_part1.cpython-310.pyc
[0.862s] byte-compiling /home/shreyap7/cs498/ros2_ws/install/mobile_robotics/lib/python3.10/site-packages/mobile_robotics/coding_ex1_part2.py to coding_ex1_part2.cpython-310.pyc
[0.862s] running install_data
[0.862s] running install_egg_info
[0.865s] removing '/home/shreyap7/cs498/ros2_ws/install/mobile_robotics/lib/python3.10/site-packages/mobile_robotics-0.0.0-py3.10.egg-info' (and everything under it)
[0.866s] Copying ../../build/mobile_robotics/mobile_robotics.egg-info to /home/shreyap7/cs498/ros2_ws/install/mobile_robotics/lib/python3.10/site-packages/mobile_robotics-0.0.0-py3.10.egg-info
[0.867s] running install_scripts
[0.889s] Installing part1 script to /home/shreyap7/cs498/ros2_ws/install/mobile_robotics/lib/mobile_robotics
[0.890s] Installing part2 script to /home/shreyap7/cs498/ros2_ws/install/mobile_robotics/lib/mobile_robotics
[0.891s] writing list of installed files to '/home/shreyap7/cs498/ros2_ws/build/mobile_robotics/install.log'
[0.955s] Invoked command in '/home/shreyap7/cs498/ros2_ws/src/mobile_robotics' returned '0': PYTHONPATH=/home/shreyap7/cs498/ros2_ws/build/mobile_robotics/prefix_override:/home/shreyap7/.local/lib/python3.10/site-packages/colcon_core/task/python/colcon_distutils_commands:/home/shreyap7/cs498/ros2_ws/install/mobile_robotics/lib/python3.10/site-packages:${PYTHONPATH} /usr/bin/python3 -W ignore:setup.py install is deprecated -W ignore:easy_install command is deprecated setup.py egg_info --egg-base ../../build/mobile_robotics build --build-base /home/shreyap7/cs498/ros2_ws/build/mobile_robotics/build install --record /home/shreyap7/cs498/ros2_ws/build/mobile_robotics/install.log --single-version-externally-managed install_data
