[0.641s] DEBUG:colcon:Command line arguments: ['/home/shreyap7/.local/bin/colcon', 'build', '--packages-select', 'mobile_robotics']
[0.642s] DEBUG:colcon:Parsed command line arguments: Namespace(log_base=None, log_level=None, verb_name='build', build_base='build', install_base='install', merge_install=False, symlink_install=False, test_result_base=None, continue_on_error=False, executor='parallel', parallel_workers=22, event_handlers=None, ignore_user_meta=False, metas=['./colcon.meta'], base_paths=['.'], packages_ignore=None, packages_ignore_regex=None, paths=None, packages_up_to=None, packages_up_to_regex=None, packages_above=None, packages_above_and_dependencies=None, packages_above_depth=None, packages_select_by_dep=None, packages_skip_by_dep=None, packages_skip_up_to=None, packages_select_build_failed=False, packages_skip_build_finished=False, packages_select_test_failures=False, packages_skip_test_passed=False, packages_select=['mobile_robotics'], packages_skip=None, packages_select_regex=None, packages_skip_regex=None, packages_start=None, packages_end=None, allow_overriding=[], cmake_args=None, cmake_target=None, cmake_target_skip_unavailable=False, cmake_clean_cache=False, cmake_clean_first=False, cmake_force_configure=False, ament_cmake_args=None, catkin_cmake_args=None, catkin_skip_building_tests=False, verb_parser=<colcon_defaults.argument_parser.defaults.DefaultArgumentsDecorator object at 0x7f44bd927c10>, verb_extension=<colcon_core.verb.build.BuildVerb object at 0x7f44bd927700>, main=<bound method BuildVerb.main of <colcon_core.verb.build.BuildVerb object at 0x7f44bd927700>>)
[0.968s] Level 1:colcon.colcon_core.package_discovery:discover_packages(colcon_meta) check parameters
[0.968s] Level 1:colcon.colcon_core.package_discovery:discover_packages(recursive) check parameters
[0.968s] Level 1:colcon.colcon_core.package_discovery:discover_packages(ignore) check parameters
[0.968s] Level 1:colcon.colcon_core.package_discovery:discover_packages(path) check parameters
[0.968s] Level 1:colcon.colcon_core.package_discovery:discover_packages(colcon_meta) discover
[0.968s] Level 1:colcon.colcon_core.package_discovery:discover_packages(recursive) discover
[0.968s] INFO:colcon.colcon_core.package_discovery:Crawling recursively for packages in '/home/shreyap7/cs498/ros2_ws'
[0.968s] Level 1:colcon.colcon_core.package_identification:_identify(.) by extensions ['ignore', 'ignore_ament_install']
[0.969s] Level 1:colcon.colcon_core.package_identification:_identify(.) by extension 'ignore'
[0.969s] Level 1:colcon.colcon_core.package_identification:_identify(.) by extension 'ignore_ament_install'
[0.969s] Level 1:colcon.colcon_core.package_identification:_identify(.) by extensions ['colcon_pkg']
[0.969s] Level 1:colcon.colcon_core.package_identification:_identify(.) by extension 'colcon_pkg'
[0.969s] Level 1:colcon.colcon_core.package_identification:_identify(.) by extensions ['colcon_meta']
[0.969s] Level 1:colcon.colcon_core.package_identification:_identify(.) by extension 'colcon_meta'
[0.969s] Level 1:colcon.colcon_core.package_identification:_identify(.) by extensions ['ros']
[0.969s] Level 1:colcon.colcon_core.package_identification:_identify(.) by extension 'ros'
[1.006s] Level 1:colcon.colcon_core.package_identification:_identify(.) by extensions ['cmake', 'python']
[1.006s] Level 1:colcon.colcon_core.package_identification:_identify(.) by extension 'cmake'
[1.006s] Level 1:colcon.colcon_core.package_identification:_identify(.) by extension 'python'
[1.006s] Level 1:colcon.colcon_core.package_identification:_identify(.) by extensions ['python_setup_py']
[1.006s] Level 1:colcon.colcon_core.package_identification:_identify(.) by extension 'python_setup_py'
[1.006s] Level 1:colcon.colcon_core.package_identification:_identify(build) by extensions ['ignore', 'ignore_ament_install']
[1.007s] Level 1:colcon.colcon_core.package_identification:_identify(build) by extension 'ignore'
[1.007s] Level 1:colcon.colcon_core.package_identification:_identify(build) ignored
[1.007s] Level 1:colcon.colcon_core.package_identification:_identify(install) by extensions ['ignore', 'ignore_ament_install']
[1.007s] Level 1:colcon.colcon_core.package_identification:_identify(install) by extension 'ignore'
[1.007s] Level 1:colcon.colcon_core.package_identification:_identify(install) ignored
[1.007s] Level 1:colcon.colcon_core.package_identification:_identify(log) by extensions ['ignore', 'ignore_ament_install']
[1.008s] Level 1:colcon.colcon_core.package_identification:_identify(log) by extension 'ignore'
[1.008s] Level 1:colcon.colcon_core.package_identification:_identify(log) ignored
[1.008s] Level 1:colcon.colcon_core.package_identification:_identify(src) by extensions ['ignore', 'ignore_ament_install']
[1.008s] Level 1:colcon.colcon_core.package_identification:_identify(src) by extension 'ignore'
[1.008s] Level 1:colcon.colcon_core.package_identification:_identify(src) by extension 'ignore_ament_install'
[1.009s] Level 1:colcon.colcon_core.package_identification:_identify(src) by extensions ['colcon_pkg']
[1.009s] Level 1:colcon.colcon_core.package_identification:_identify(src) by extension 'colcon_pkg'
[1.009s] Level 1:colcon.colcon_core.package_identification:_identify(src) by extensions ['colcon_meta']
[1.009s] Level 1:colcon.colcon_core.package_identification:_identify(src) by extension 'colcon_meta'
[1.009s] Level 1:colcon.colcon_core.package_identification:_identify(src) by extensions ['ros']
[1.009s] Level 1:colcon.colcon_core.package_identification:_identify(src) by extension 'ros'
[1.009s] Level 1:colcon.colcon_core.package_identification:_identify(src) by extensions ['cmake', 'python']
[1.009s] Level 1:colcon.colcon_core.package_identification:_identify(src) by extension 'cmake'
[1.009s] Level 1:colcon.colcon_core.package_identification:_identify(src) by extension 'python'
[1.009s] Level 1:colcon.colcon_core.package_identification:_identify(src) by extensions ['python_setup_py']
[1.009s] Level 1:colcon.colcon_core.package_identification:_identify(src) by extension 'python_setup_py'
[1.009s] Level 1:colcon.colcon_core.package_identification:_identify(src/mobile_robotics) by extensions ['ignore', 'ignore_ament_install']
[1.009s] Level 1:colcon.colcon_core.package_identification:_identify(src/mobile_robotics) by extension 'ignore'
[1.010s] Level 1:colcon.colcon_core.package_identification:_identify(src/mobile_robotics) by extension 'ignore_ament_install'
[1.010s] Level 1:colcon.colcon_core.package_identification:_identify(src/mobile_robotics) by extensions ['colcon_pkg']
[1.010s] Level 1:colcon.colcon_core.package_identification:_identify(src/mobile_robotics) by extension 'colcon_pkg'
[1.010s] Level 1:colcon.colcon_core.package_identification:_identify(src/mobile_robotics) by extensions ['colcon_meta']
[1.010s] Level 1:colcon.colcon_core.package_identification:_identify(src/mobile_robotics) by extension 'colcon_meta'
[1.010s] Level 1:colcon.colcon_core.package_identification:_identify(src/mobile_robotics) by extensions ['ros']
[1.010s] Level 1:colcon.colcon_core.package_identification:_identify(src/mobile_robotics) by extension 'ros'
[1.017s] DEBUG:colcon.colcon_core.package_identification:Package 'src/mobile_robotics' with type 'ros.ament_python' and name 'mobile_robotics'
[1.018s] Level 1:colcon.colcon_core.package_identification:_identify(src/solar_house) by extensions ['ignore', 'ignore_ament_install']
[1.018s] Level 1:colcon.colcon_core.package_identification:_identify(src/solar_house) by extension 'ignore'
[1.019s] Level 1:colcon.colcon_core.package_identification:_identify(src/solar_house) by extension 'ignore_ament_install'
[1.019s] Level 1:colcon.colcon_core.package_identification:_identify(src/solar_house) by extensions ['colcon_pkg']
[1.019s] Level 1:colcon.colcon_core.package_identification:_identify(src/solar_house) by extension 'colcon_pkg'
[1.019s] Level 1:colcon.colcon_core.package_identification:_identify(src/solar_house) by extensions ['colcon_meta']
[1.019s] Level 1:colcon.colcon_core.package_identification:_identify(src/solar_house) by extension 'colcon_meta'
[1.019s] Level 1:colcon.colcon_core.package_identification:_identify(src/solar_house) by extensions ['ros']
[1.020s] Level 1:colcon.colcon_core.package_identification:_identify(src/solar_house) by extension 'ros'
[1.020s] Level 1:colcon.colcon_core.package_identification:_identify(src/solar_house) by extensions ['cmake', 'python']
[1.020s] Level 1:colcon.colcon_core.package_identification:_identify(src/solar_house) by extension 'cmake'
[1.020s] Level 1:colcon.colcon_core.package_identification:_identify(src/solar_house) by extension 'python'
[1.020s] Level 1:colcon.colcon_core.package_identification:_identify(src/solar_house) by extensions ['python_setup_py']
[1.020s] Level 1:colcon.colcon_core.package_identification:_identify(src/solar_house) by extension 'python_setup_py'
[1.020s] Level 1:colcon.colcon_core.package_discovery:discover_packages(recursive) using defaults
[1.021s] Level 1:colcon.colcon_core.package_discovery:discover_packages(ignore) discover
[1.021s] Level 1:colcon.colcon_core.package_discovery:discover_packages(ignore) using defaults
[1.021s] Level 1:colcon.colcon_core.package_discovery:discover_packages(path) discover
[1.021s] Level 1:colcon.colcon_core.package_discovery:discover_packages(path) using defaults
[1.062s] Level 1:colcon.colcon_core.package_discovery:discover_packages(prefix_path) check parameters
[1.063s] Level 1:colcon.colcon_core.package_discovery:discover_packages(prefix_path) discover
[1.069s] DEBUG:colcon.colcon_installed_package_information.package_discovery:Found 271 installed packages in /opt/ros/humble
[1.074s] Level 1:colcon.colcon_core.package_discovery:discover_packages(prefix_path) using defaults
[1.173s] Level 5:colcon.colcon_core.verb:set package 'mobile_robotics' build argument 'cmake_args' from command line to 'None'
[1.173s] Level 5:colcon.colcon_core.verb:set package 'mobile_robotics' build argument 'cmake_target' from command line to 'None'
[1.173s] Level 5:colcon.colcon_core.verb:set package 'mobile_robotics' build argument 'cmake_target_skip_unavailable' from command line to 'False'
[1.173s] Level 5:colcon.colcon_core.verb:set package 'mobile_robotics' build argument 'cmake_clean_cache' from command line to 'False'
[1.173s] Level 5:colcon.colcon_core.verb:set package 'mobile_robotics' build argument 'cmake_clean_first' from command line to 'False'
[1.174s] Level 5:colcon.colcon_core.verb:set package 'mobile_robotics' build argument 'cmake_force_configure' from command line to 'False'
[1.174s] Level 5:colcon.colcon_core.verb:set package 'mobile_robotics' build argument 'ament_cmake_args' from command line to 'None'
[1.174s] Level 5:colcon.colcon_core.verb:set package 'mobile_robotics' build argument 'catkin_cmake_args' from command line to 'None'
[1.174s] Level 5:colcon.colcon_core.verb:set package 'mobile_robotics' build argument 'catkin_skip_building_tests' from command line to 'False'
[1.174s] DEBUG:colcon.colcon_core.verb:Building package 'mobile_robotics' with the following arguments: {'ament_cmake_args': None, 'build_base': '/home/shreyap7/cs498/ros2_ws/build/mobile_robotics', 'catkin_cmake_args': None, 'catkin_skip_building_tests': False, 'cmake_args': None, 'cmake_clean_cache': False, 'cmake_clean_first': False, 'cmake_force_configure': False, 'cmake_target': None, 'cmake_target_skip_unavailable': False, 'install_base': '/home/shreyap7/cs498/ros2_ws/install/mobile_robotics', 'merge_install': False, 'path': '/home/shreyap7/cs498/ros2_ws/src/mobile_robotics', 'symlink_install': False, 'test_result_base': None}
[1.174s] INFO:colcon.colcon_core.executor:Executing jobs using 'parallel' executor
[1.177s] DEBUG:colcon.colcon_parallel_executor.executor.parallel:run_until_complete
[1.178s] INFO:colcon.colcon_ros.task.ament_python.build:Building ROS package in '/home/shreyap7/cs498/ros2_ws/src/mobile_robotics' with build type 'ament_python'
[1.178s] Level 1:colcon.colcon_core.shell:create_environment_hook('mobile_robotics', 'ament_prefix_path')
[1.184s] INFO:colcon.colcon_core.plugin_system:Skipping extension 'colcon_core.shell.bat': Not used on non-Windows systems
[1.184s] INFO:colcon.colcon_core.shell:Creating environment hook '/home/shreyap7/cs498/ros2_ws/install/mobile_robotics/share/mobile_robotics/hook/ament_prefix_path.ps1'
[1.187s] INFO:colcon.colcon_core.shell:Creating environment descriptor '/home/shreyap7/cs498/ros2_ws/install/mobile_robotics/share/mobile_robotics/hook/ament_prefix_path.dsv'
[1.189s] INFO:colcon.colcon_core.shell:Creating environment hook '/home/shreyap7/cs498/ros2_ws/install/mobile_robotics/share/mobile_robotics/hook/ament_prefix_path.sh'
[1.190s] INFO:colcon.colcon_core.shell:Skip shell extension 'powershell' for command environment: Not usable outside of PowerShell
[1.191s] DEBUG:colcon.colcon_core.shell:Skip shell extension 'dsv' for command environment
[1.771s] INFO:colcon.colcon_core.task.python.build:Building Python package in '/home/shreyap7/cs498/ros2_ws/src/mobile_robotics'
[1.772s] INFO:colcon.colcon_core.shell:Skip shell extension 'powershell' for command environment: Not usable outside of PowerShell
[1.773s] DEBUG:colcon.colcon_core.shell:Skip shell extension 'dsv' for command environment
[2.696s] DEBUG:colcon.colcon_core.event_handler.log_command:Invoking command in '/home/shreyap7/cs498/ros2_ws/src/mobile_robotics': PYTHONPATH=/home/shreyap7/cs498/ros2_ws/build/mobile_robotics/prefix_override:/home/shreyap7/.local/lib/python3.10/site-packages/colcon_core/task/python/colcon_distutils_commands:/home/shreyap7/cs498/ros2_ws/install/mobile_robotics/lib/python3.10/site-packages:${PYTHONPATH} /usr/bin/python3 -W ignore:setup.py install is deprecated -W ignore:easy_install command is deprecated setup.py egg_info --egg-base ../../build/mobile_robotics build --build-base /home/shreyap7/cs498/ros2_ws/build/mobile_robotics/build install --record /home/shreyap7/cs498/ros2_ws/build/mobile_robotics/install.log --single-version-externally-managed install_data
[3.349s] DEBUG:colcon.colcon_core.event_handler.log_command:Invoked command in '/home/shreyap7/cs498/ros2_ws/src/mobile_robotics' returned '0': PYTHONPATH=/home/shreyap7/cs498/ros2_ws/build/mobile_robotics/prefix_override:/home/shreyap7/.local/lib/python3.10/site-packages/colcon_core/task/python/colcon_distutils_commands:/home/shreyap7/cs498/ros2_ws/install/mobile_robotics/lib/python3.10/site-packages:${PYTHONPATH} /usr/bin/python3 -W ignore:setup.py install is deprecated -W ignore:easy_install command is deprecated setup.py egg_info --egg-base ../../build/mobile_robotics build --build-base /home/shreyap7/cs498/ros2_ws/build/mobile_robotics/build install --record /home/shreyap7/cs498/ros2_ws/build/mobile_robotics/install.log --single-version-externally-managed install_data
[3.367s] Level 1:colcon.colcon_core.environment:checking '/home/shreyap7/cs498/ros2_ws/install/mobile_robotics' for CMake module files
[3.368s] Level 1:colcon.colcon_core.environment:checking '/home/shreyap7/cs498/ros2_ws/install/mobile_robotics' for CMake config files
[3.371s] Level 1:colcon.colcon_core.environment:checking '/home/shreyap7/cs498/ros2_ws/install/mobile_robotics/lib'
[3.371s] Level 1:colcon.colcon_core.environment:checking '/home/shreyap7/cs498/ros2_ws/install/mobile_robotics/bin'
[3.372s] Level 1:colcon.colcon_core.environment:checking '/home/shreyap7/cs498/ros2_ws/install/mobile_robotics/lib/pkgconfig/mobile_robotics.pc'
[3.373s] Level 1:colcon.colcon_core.environment:checking '/home/shreyap7/cs498/ros2_ws/install/mobile_robotics/lib/python3.10/site-packages'
[3.374s] Level 1:colcon.colcon_core.shell:create_environment_hook('mobile_robotics', 'pythonpath')
[3.376s] INFO:colcon.colcon_core.shell:Creating environment hook '/home/shreyap7/cs498/ros2_ws/install/mobile_robotics/share/mobile_robotics/hook/pythonpath.ps1'
[3.377s] INFO:colcon.colcon_core.shell:Creating environment descriptor '/home/shreyap7/cs498/ros2_ws/install/mobile_robotics/share/mobile_robotics/hook/pythonpath.dsv'
[3.378s] INFO:colcon.colcon_core.shell:Creating environment hook '/home/shreyap7/cs498/ros2_ws/install/mobile_robotics/share/mobile_robotics/hook/pythonpath.sh'
[3.379s] Level 1:colcon.colcon_core.environment:checking '/home/shreyap7/cs498/ros2_ws/install/mobile_robotics/bin'
[3.380s] Level 1:colcon.colcon_core.environment:create_environment_scripts_only(mobile_robotics)
[3.380s] INFO:colcon.colcon_core.shell:Creating package script '/home/shreyap7/cs498/ros2_ws/install/mobile_robotics/share/mobile_robotics/package.ps1'
[3.382s] INFO:colcon.colcon_core.shell:Creating package descriptor '/home/shreyap7/cs498/ros2_ws/install/mobile_robotics/share/mobile_robotics/package.dsv'
[3.383s] INFO:colcon.colcon_core.shell:Creating package script '/home/shreyap7/cs498/ros2_ws/install/mobile_robotics/share/mobile_robotics/package.sh'
[3.385s] INFO:colcon.colcon_core.shell:Creating package script '/home/shreyap7/cs498/ros2_ws/install/mobile_robotics/share/mobile_robotics/package.bash'
[3.386s] INFO:colcon.colcon_core.shell:Creating package script '/home/shreyap7/cs498/ros2_ws/install/mobile_robotics/share/mobile_robotics/package.zsh'
[3.389s] Level 1:colcon.colcon_core.environment:create_file_with_runtime_dependencies(/home/shreyap7/cs498/ros2_ws/install/mobile_robotics/share/colcon-core/packages/mobile_robotics)
[3.390s] DEBUG:colcon.colcon_parallel_executor.executor.parallel:closing loop
[3.391s] DEBUG:colcon.colcon_parallel_executor.executor.parallel:loop closed
[3.392s] DEBUG:colcon.colcon_parallel_executor.executor.parallel:run_until_complete finished with '0'
[3.392s] DEBUG:colcon.colcon_core.event_reactor:joining thread
[3.529s] INFO:colcon.colcon_core.plugin_system:Skipping extension 'colcon_notification.desktop_notification.notify_send': Could not find 'notify-send'
[3.530s] INFO:colcon.colcon_core.plugin_system:Skipping extension 'colcon_notification.desktop_notification.terminal_notifier': Not used on non-Darwin systems
[3.530s] INFO:colcon.colcon_core.plugin_system:Skipping extension 'colcon_notification.desktop_notification.win32': Not used on non-Windows systems
[3.531s] INFO:colcon.colcon_notification.desktop_notification:Sending desktop notification using 'notify2'
[3.531s] DEBUG:colcon.colcon_notification.desktop_notification.notify2:Failed to initialize notify2: org.freedesktop.DBus.Error.FileNotFound: Failed to connect to socket /run/user/1000/bus: No such file or directory
[3.532s] DEBUG:colcon.colcon_core.event_reactor:joined thread
[3.533s] INFO:colcon.colcon_core.shell:Creating prefix script '/home/shreyap7/cs498/ros2_ws/install/local_setup.ps1'
[3.537s] INFO:colcon.colcon_core.shell:Creating prefix util module '/home/shreyap7/cs498/ros2_ws/install/_local_setup_util_ps1.py'
[3.539s] INFO:colcon.colcon_core.shell:Creating prefix chain script '/home/shreyap7/cs498/ros2_ws/install/setup.ps1'
[3.541s] INFO:colcon.colcon_core.shell:Creating prefix script '/home/shreyap7/cs498/ros2_ws/install/local_setup.sh'
[3.542s] INFO:colcon.colcon_core.shell:Creating prefix util module '/home/shreyap7/cs498/ros2_ws/install/_local_setup_util_sh.py'
[3.543s] INFO:colcon.colcon_core.shell:Creating prefix chain script '/home/shreyap7/cs498/ros2_ws/install/setup.sh'
[3.545s] INFO:colcon.colcon_core.shell:Creating prefix script '/home/shreyap7/cs498/ros2_ws/install/local_setup.bash'
[3.546s] INFO:colcon.colcon_core.shell:Creating prefix chain script '/home/shreyap7/cs498/ros2_ws/install/setup.bash'
[3.548s] INFO:colcon.colcon_core.shell:Creating prefix script '/home/shreyap7/cs498/ros2_ws/install/local_setup.zsh'
[3.549s] INFO:colcon.colcon_core.shell:Creating prefix chain script '/home/shreyap7/cs498/ros2_ws/install/setup.zsh'
