[0.423s] DEBUG:colcon:Command line arguments: ['/home/shreyap7/.local/bin/colcon', 'build']
[0.423s] DEBUG:colcon:Parsed command line arguments: Namespace(log_base=None, log_level=None, verb_name='build', build_base='build', install_base='install', merge_install=False, symlink_install=False, test_result_base=None, continue_on_error=False, executor='parallel', parallel_workers=22, event_handlers=None, ignore_user_meta=False, metas=['./colcon.meta'], base_paths=['.'], packages_ignore=None, packages_ignore_regex=None, paths=None, packages_up_to=None, packages_up_to_regex=None, packages_above=None, packages_above_and_dependencies=None, packages_above_depth=None, packages_select_by_dep=None, packages_skip_by_dep=None, packages_skip_up_to=None, packages_select_build_failed=False, packages_skip_build_finished=False, packages_select_test_failures=False, packages_skip_test_passed=False, packages_select=None, packages_skip=None, packages_select_regex=None, packages_skip_regex=None, packages_start=None, packages_end=None, allow_overriding=[], cmake_args=None, cmake_target=None, cmake_target_skip_unavailable=False, cmake_clean_cache=False, cmake_clean_first=False, cmake_force_configure=False, ament_cmake_args=None, catkin_cmake_args=None, catkin_skip_building_tests=False, verb_parser=<colcon_defaults.argument_parser.defaults.DefaultArgumentsDecorator object at 0x7db844aefe50>, verb_extension=<colcon_core.verb.build.BuildVerb object at 0x7db844aef940>, main=<bound method BuildVerb.main of <colcon_core.verb.build.BuildVerb object at 0x7db844aef940>>)
[0.602s] Level 1:colcon.colcon_core.package_discovery:discover_packages(colcon_meta) check parameters
[0.603s] Level 1:colcon.colcon_core.package_discovery:discover_packages(recursive) check parameters
[0.603s] Level 1:colcon.colcon_core.package_discovery:discover_packages(ignore) check parameters
[0.603s] Level 1:colcon.colcon_core.package_discovery:discover_packages(path) check parameters
[0.603s] Level 1:colcon.colcon_core.package_discovery:discover_packages(colcon_meta) discover
[0.603s] Level 1:colcon.colcon_core.package_discovery:discover_packages(recursive) discover
[0.603s] INFO:colcon.colcon_core.package_discovery:Crawling recursively for packages in '/home/shreyap7/cs498/ros2_ws'
[0.604s] Level 1:colcon.colcon_core.package_identification:_identify(.) by extensions ['ignore', 'ignore_ament_install']
[0.604s] Level 1:colcon.colcon_core.package_identification:_identify(.) by extension 'ignore'
[0.604s] Level 1:colcon.colcon_core.package_identification:_identify(.) by extension 'ignore_ament_install'
[0.604s] Level 1:colcon.colcon_core.package_identification:_identify(.) by extensions ['colcon_pkg']
[0.604s] Level 1:colcon.colcon_core.package_identification:_identify(.) by extension 'colcon_pkg'
[0.604s] Level 1:colcon.colcon_core.package_identification:_identify(.) by extensions ['colcon_meta']
[0.604s] Level 1:colcon.colcon_core.package_identification:_identify(.) by extension 'colcon_meta'
[0.604s] Level 1:colcon.colcon_core.package_identification:_identify(.) by extensions ['ros']
[0.604s] Level 1:colcon.colcon_core.package_identification:_identify(.) by extension 'ros'
[0.619s] Level 1:colcon.colcon_core.package_identification:_identify(.) by extensions ['cmake', 'python']
[0.619s] Level 1:colcon.colcon_core.package_identification:_identify(.) by extension 'cmake'
[0.620s] Level 1:colcon.colcon_core.package_identification:_identify(.) by extension 'python'
[0.620s] Level 1:colcon.colcon_core.package_identification:_identify(.) by extensions ['python_setup_py']
[0.620s] Level 1:colcon.colcon_core.package_identification:_identify(.) by extension 'python_setup_py'
[0.620s] Level 1:colcon.colcon_core.package_identification:_identify(build) by extensions ['ignore', 'ignore_ament_install']
[0.620s] Level 1:colcon.colcon_core.package_identification:_identify(build) by extension 'ignore'
[0.620s] Level 1:colcon.colcon_core.package_identification:_identify(build) ignored
[0.620s] Level 1:colcon.colcon_core.package_identification:_identify(cp2_plots) by extensions ['ignore', 'ignore_ament_install']
[0.620s] Level 1:colcon.colcon_core.package_identification:_identify(cp2_plots) by extension 'ignore'
[0.620s] Level 1:colcon.colcon_core.package_identification:_identify(cp2_plots) by extension 'ignore_ament_install'
[0.620s] Level 1:colcon.colcon_core.package_identification:_identify(cp2_plots) by extensions ['colcon_pkg']
[0.620s] Level 1:colcon.colcon_core.package_identification:_identify(cp2_plots) by extension 'colcon_pkg'
[0.620s] Level 1:colcon.colcon_core.package_identification:_identify(cp2_plots) by extensions ['colcon_meta']
[0.620s] Level 1:colcon.colcon_core.package_identification:_identify(cp2_plots) by extension 'colcon_meta'
[0.620s] Level 1:colcon.colcon_core.package_identification:_identify(cp2_plots) by extensions ['ros']
[0.620s] Level 1:colcon.colcon_core.package_identification:_identify(cp2_plots) by extension 'ros'
[0.621s] Level 1:colcon.colcon_core.package_identification:_identify(cp2_plots) by extensions ['cmake', 'python']
[0.621s] Level 1:colcon.colcon_core.package_identification:_identify(cp2_plots) by extension 'cmake'
[0.621s] Level 1:colcon.colcon_core.package_identification:_identify(cp2_plots) by extension 'python'
[0.621s] Level 1:colcon.colcon_core.package_identification:_identify(cp2_plots) by extensions ['python_setup_py']
[0.621s] Level 1:colcon.colcon_core.package_identification:_identify(cp2_plots) by extension 'python_setup_py'
[0.621s] Level 1:colcon.colcon_core.package_identification:_identify(install) by extensions ['ignore', 'ignore_ament_install']
[0.621s] Level 1:colcon.colcon_core.package_identification:_identify(install) by extension 'ignore'
[0.621s] Level 1:colcon.colcon_core.package_identification:_identify(install) ignored
[0.621s] Level 1:colcon.colcon_core.package_identification:_identify(log) by extensions ['ignore', 'ignore_ament_install']
[0.621s] Level 1:colcon.colcon_core.package_identification:_identify(log) by extension 'ignore'
[0.622s] Level 1:colcon.colcon_core.package_identification:_identify(log) ignored
[0.622s] Level 1:colcon.colcon_core.package_identification:_identify(src) by extensions ['ignore', 'ignore_ament_install']
[0.622s] Level 1:colcon.colcon_core.package_identification:_identify(src) by extension 'ignore'
[0.622s] Level 1:colcon.colcon_core.package_identification:_identify(src) by extension 'ignore_ament_install'
[0.622s] Level 1:colcon.colcon_core.package_identification:_identify(src) by extensions ['colcon_pkg']
[0.622s] Level 1:colcon.colcon_core.package_identification:_identify(src) by extension 'colcon_pkg'
[0.622s] Level 1:colcon.colcon_core.package_identification:_identify(src) by extensions ['colcon_meta']
[0.622s] Level 1:colcon.colcon_core.package_identification:_identify(src) by extension 'colcon_meta'
[0.622s] Level 1:colcon.colcon_core.package_identification:_identify(src) by extensions ['ros']
[0.622s] Level 1:colcon.colcon_core.package_identification:_identify(src) by extension 'ros'
[0.622s] Level 1:colcon.colcon_core.package_identification:_identify(src) by extensions ['cmake', 'python']
[0.622s] Level 1:colcon.colcon_core.package_identification:_identify(src) by extension 'cmake'
[0.622s] Level 1:colcon.colcon_core.package_identification:_identify(src) by extension 'python'
[0.622s] Level 1:colcon.colcon_core.package_identification:_identify(src) by extensions ['python_setup_py']
[0.622s] Level 1:colcon.colcon_core.package_identification:_identify(src) by extension 'python_setup_py'
[0.622s] Level 1:colcon.colcon_core.package_identification:_identify(src/build) by extensions ['ignore', 'ignore_ament_install']
[0.622s] Level 1:colcon.colcon_core.package_identification:_identify(src/build) by extension 'ignore'
[0.622s] Level 1:colcon.colcon_core.package_identification:_identify(src/build) ignored
[0.622s] Level 1:colcon.colcon_core.package_identification:_identify(src/install) by extensions ['ignore', 'ignore_ament_install']
[0.622s] Level 1:colcon.colcon_core.package_identification:_identify(src/install) by extension 'ignore'
[0.622s] Level 1:colcon.colcon_core.package_identification:_identify(src/install) ignored
[0.623s] Level 1:colcon.colcon_core.package_identification:_identify(src/log) by extensions ['ignore', 'ignore_ament_install']
[0.623s] Level 1:colcon.colcon_core.package_identification:_identify(src/log) by extension 'ignore'
[0.623s] Level 1:colcon.colcon_core.package_identification:_identify(src/log) ignored
[0.623s] Level 1:colcon.colcon_core.package_identification:_identify(src/mobile_robotics) by extensions ['ignore', 'ignore_ament_install']
[0.623s] Level 1:colcon.colcon_core.package_identification:_identify(src/mobile_robotics) by extension 'ignore'
[0.623s] Level 1:colcon.colcon_core.package_identification:_identify(src/mobile_robotics) by extension 'ignore_ament_install'
[0.623s] Level 1:colcon.colcon_core.package_identification:_identify(src/mobile_robotics) by extensions ['colcon_pkg']
[0.623s] Level 1:colcon.colcon_core.package_identification:_identify(src/mobile_robotics) by extension 'colcon_pkg'
[0.623s] Level 1:colcon.colcon_core.package_identification:_identify(src/mobile_robotics) by extensions ['colcon_meta']
[0.623s] Level 1:colcon.colcon_core.package_identification:_identify(src/mobile_robotics) by extension 'colcon_meta'
[0.623s] Level 1:colcon.colcon_core.package_identification:_identify(src/mobile_robotics) by extensions ['ros']
[0.623s] Level 1:colcon.colcon_core.package_identification:_identify(src/mobile_robotics) by extension 'ros'
[0.626s] DEBUG:colcon.colcon_core.package_identification:Package 'src/mobile_robotics' with type 'ros.ament_python' and name 'mobile_robotics'
[0.627s] Level 1:colcon.colcon_core.package_identification:_identify(src/solar_house) by extensions ['ignore', 'ignore_ament_install']
[0.627s] Level 1:colcon.colcon_core.package_identification:_identify(src/solar_house) by extension 'ignore'
[0.627s] Level 1:colcon.colcon_core.package_identification:_identify(src/solar_house) by extension 'ignore_ament_install'
[0.627s] Level 1:colcon.colcon_core.package_identification:_identify(src/solar_house) by extensions ['colcon_pkg']
[0.627s] Level 1:colcon.colcon_core.package_identification:_identify(src/solar_house) by extension 'colcon_pkg'
[0.627s] Level 1:colcon.colcon_core.package_identification:_identify(src/solar_house) by extensions ['colcon_meta']
[0.627s] Level 1:colcon.colcon_core.package_identification:_identify(src/solar_house) by extension 'colcon_meta'
[0.627s] Level 1:colcon.colcon_core.package_identification:_identify(src/solar_house) by extensions ['ros']
[0.627s] Level 1:colcon.colcon_core.package_identification:_identify(src/solar_house) by extension 'ros'
[0.627s] Level 1:colcon.colcon_core.package_identification:_identify(src/solar_house) by extensions ['cmake', 'python']
[0.627s] Level 1:colcon.colcon_core.package_identification:_identify(src/solar_house) by extension 'cmake'
[0.627s] Level 1:colcon.colcon_core.package_identification:_identify(src/solar_house) by extension 'python'
[0.627s] Level 1:colcon.colcon_core.package_identification:_identify(src/solar_house) by extensions ['python_setup_py']
[0.627s] Level 1:colcon.colcon_core.package_identification:_identify(src/solar_house) by extension 'python_setup_py'
[0.627s] Level 1:colcon.colcon_core.package_discovery:discover_packages(recursive) using defaults
[0.627s] Level 1:colcon.colcon_core.package_discovery:discover_packages(ignore) discover
[0.627s] Level 1:colcon.colcon_core.package_discovery:discover_packages(ignore) using defaults
[0.627s] Level 1:colcon.colcon_core.package_discovery:discover_packages(path) discover
[0.627s] Level 1:colcon.colcon_core.package_discovery:discover_packages(path) using defaults
[0.651s] Level 1:colcon.colcon_core.package_discovery:discover_packages(prefix_path) check parameters
[0.651s] Level 1:colcon.colcon_core.package_discovery:discover_packages(prefix_path) discover
[0.653s] DEBUG:colcon.colcon_installed_package_information.package_discovery:Found 1 installed packages in /home/shreyap7/cs498/ros2_ws/install
[0.655s] DEBUG:colcon.colcon_installed_package_information.package_discovery:Found 271 installed packages in /opt/ros/humble
[0.657s] Level 1:colcon.colcon_core.package_discovery:discover_packages(prefix_path) using defaults
[0.709s] Level 5:colcon.colcon_core.verb:set package 'mobile_robotics' build argument 'cmake_args' from command line to 'None'
[0.710s] Level 5:colcon.colcon_core.verb:set package 'mobile_robotics' build argument 'cmake_target' from command line to 'None'
[0.710s] Level 5:colcon.colcon_core.verb:set package 'mobile_robotics' build argument 'cmake_target_skip_unavailable' from command line to 'False'
[0.710s] Level 5:colcon.colcon_core.verb:set package 'mobile_robotics' build argument 'cmake_clean_cache' from command line to 'False'
[0.710s] Level 5:colcon.colcon_core.verb:set package 'mobile_robotics' build argument 'cmake_clean_first' from command line to 'False'
[0.710s] Level 5:colcon.colcon_core.verb:set package 'mobile_robotics' build argument 'cmake_force_configure' from command line to 'False'
[0.710s] Level 5:colcon.colcon_core.verb:set package 'mobile_robotics' build argument 'ament_cmake_args' from command line to 'None'
[0.710s] Level 5:colcon.colcon_core.verb:set package 'mobile_robotics' build argument 'catkin_cmake_args' from command line to 'None'
[0.710s] Level 5:colcon.colcon_core.verb:set package 'mobile_robotics' build argument 'catkin_skip_building_tests' from command line to 'False'
[0.710s] DEBUG:colcon.colcon_core.verb:Building package 'mobile_robotics' with the following arguments: {'ament_cmake_args': None, 'build_base': '/home/shreyap7/cs498/ros2_ws/build/mobile_robotics', 'catkin_cmake_args': None, 'catkin_skip_building_tests': False, 'cmake_args': None, 'cmake_clean_cache': False, 'cmake_clean_first': False, 'cmake_force_configure': False, 'cmake_target': None, 'cmake_target_skip_unavailable': False, 'install_base': '/home/shreyap7/cs498/ros2_ws/install/mobile_robotics', 'merge_install': False, 'path': '/home/shreyap7/cs498/ros2_ws/src/mobile_robotics', 'symlink_install': False, 'test_result_base': None}
[0.710s] INFO:colcon.colcon_core.executor:Executing jobs using 'parallel' executor
[0.712s] DEBUG:colcon.colcon_parallel_executor.executor.parallel:run_until_complete
[0.712s] INFO:colcon.colcon_ros.task.ament_python.build:Building ROS package in '/home/shreyap7/cs498/ros2_ws/src/mobile_robotics' with build type 'ament_python'
[0.712s] Level 1:colcon.colcon_core.shell:create_environment_hook('mobile_robotics', 'ament_prefix_path')
[0.715s] INFO:colcon.colcon_core.plugin_system:Skipping extension 'colcon_core.shell.bat': Not used on non-Windows systems
[0.716s] INFO:colcon.colcon_core.shell:Creating environment hook '/home/shreyap7/cs498/ros2_ws/install/mobile_robotics/share/mobile_robotics/hook/ament_prefix_path.ps1'
[0.717s] INFO:colcon.colcon_core.shell:Creating environment descriptor '/home/shreyap7/cs498/ros2_ws/install/mobile_robotics/share/mobile_robotics/hook/ament_prefix_path.dsv'
[0.718s] INFO:colcon.colcon_core.shell:Creating environment hook '/home/shreyap7/cs498/ros2_ws/install/mobile_robotics/share/mobile_robotics/hook/ament_prefix_path.sh'
[0.719s] INFO:colcon.colcon_core.shell:Skip shell extension 'powershell' for command environment: Not usable outside of PowerShell
[0.719s] DEBUG:colcon.colcon_core.shell:Skip shell extension 'dsv' for command environment
[1.062s] INFO:colcon.colcon_core.task.python.build:Building Python package in '/home/shreyap7/cs498/ros2_ws/src/mobile_robotics'
[1.062s] INFO:colcon.colcon_core.shell:Skip shell extension 'powershell' for command environment: Not usable outside of PowerShell
[1.062s] DEBUG:colcon.colcon_core.shell:Skip shell extension 'dsv' for command environment
[1.533s] DEBUG:colcon.colcon_core.event_handler.log_command:Invoking command in '/home/shreyap7/cs498/ros2_ws/build/mobile_robotics': PYTHONPATH=/home/shreyap7/cs498/ros2_ws/build/mobile_robotics/prefix_override:/home/shreyap7/.local/lib/python3.10/site-packages/colcon_core/task/python/colcon_distutils_commands:/home/shreyap7/cs498/ros2_ws/install/mobile_robotics/lib/python3.10/site-packages:${PYTHONPATH} /usr/bin/python3 -W ignore:setup.py install is deprecated -W ignore:easy_install command is deprecated setup.py develop --uninstall --editable --build-directory /home/shreyap7/cs498/ros2_ws/build/mobile_robotics/build
[2.117s] DEBUG:colcon.colcon_core.event_handler.log_command:Invoked command in '/home/shreyap7/cs498/ros2_ws/build/mobile_robotics' returned '0': PYTHONPATH=/home/shreyap7/cs498/ros2_ws/build/mobile_robotics/prefix_override:/home/shreyap7/.local/lib/python3.10/site-packages/colcon_core/task/python/colcon_distutils_commands:/home/shreyap7/cs498/ros2_ws/install/mobile_robotics/lib/python3.10/site-packages:${PYTHONPATH} /usr/bin/python3 -W ignore:setup.py install is deprecated -W ignore:easy_install command is deprecated setup.py develop --uninstall --editable --build-directory /home/shreyap7/cs498/ros2_ws/build/mobile_robotics/build
[2.119s] DEBUG:colcon.colcon_core.event_handler.log_command:Invoking command in '/home/shreyap7/cs498/ros2_ws/src/mobile_robotics': PYTHONPATH=/home/shreyap7/cs498/ros2_ws/build/mobile_robotics/prefix_override:/home/shreyap7/.local/lib/python3.10/site-packages/colcon_core/task/python/colcon_distutils_commands:/home/shreyap7/cs498/ros2_ws/install/mobile_robotics/lib/python3.10/site-packages:${PYTHONPATH} /usr/bin/python3 -W ignore:setup.py install is deprecated -W ignore:easy_install command is deprecated setup.py egg_info --egg-base ../../build/mobile_robotics build --build-base /home/shreyap7/cs498/ros2_ws/build/mobile_robotics/build install --record /home/shreyap7/cs498/ros2_ws/build/mobile_robotics/install.log --single-version-externally-managed install_data --force
[2.499s] DEBUG:colcon.colcon_core.event_handler.log_command:Invoked command in '/home/shreyap7/cs498/ros2_ws/src/mobile_robotics' returned '0': PYTHONPATH=/home/shreyap7/cs498/ros2_ws/build/mobile_robotics/prefix_override:/home/shreyap7/.local/lib/python3.10/site-packages/colcon_core/task/python/colcon_distutils_commands:/home/shreyap7/cs498/ros2_ws/install/mobile_robotics/lib/python3.10/site-packages:${PYTHONPATH} /usr/bin/python3 -W ignore:setup.py install is deprecated -W ignore:easy_install command is deprecated setup.py egg_info --egg-base ../../build/mobile_robotics build --build-base /home/shreyap7/cs498/ros2_ws/build/mobile_robotics/build install --record /home/shreyap7/cs498/ros2_ws/build/mobile_robotics/install.log --single-version-externally-managed install_data --force
[2.503s] Level 1:colcon.colcon_core.environment:checking '/home/shreyap7/cs498/ros2_ws/install/mobile_robotics' for CMake module files
[2.503s] Level 1:colcon.colcon_core.environment:checking '/home/shreyap7/cs498/ros2_ws/install/mobile_robotics' for CMake config files
[2.504s] Level 1:colcon.colcon_core.environment:checking '/home/shreyap7/cs498/ros2_ws/install/mobile_robotics/lib'
[2.505s] Level 1:colcon.colcon_core.environment:checking '/home/shreyap7/cs498/ros2_ws/install/mobile_robotics/bin'
[2.505s] Level 1:colcon.colcon_core.environment:checking '/home/shreyap7/cs498/ros2_ws/install/mobile_robotics/lib/pkgconfig/mobile_robotics.pc'
[2.505s] Level 1:colcon.colcon_core.environment:checking '/home/shreyap7/cs498/ros2_ws/install/mobile_robotics/lib/python3.10/site-packages'
[2.506s] Level 1:colcon.colcon_core.shell:create_environment_hook('mobile_robotics', 'pythonpath')
[2.506s] INFO:colcon.colcon_core.shell:Creating environment hook '/home/shreyap7/cs498/ros2_ws/install/mobile_robotics/share/mobile_robotics/hook/pythonpath.ps1'
[2.507s] INFO:colcon.colcon_core.shell:Creating environment descriptor '/home/shreyap7/cs498/ros2_ws/install/mobile_robotics/share/mobile_robotics/hook/pythonpath.dsv'
[2.508s] INFO:colcon.colcon_core.shell:Creating environment hook '/home/shreyap7/cs498/ros2_ws/install/mobile_robotics/share/mobile_robotics/hook/pythonpath.sh'
[2.509s] Level 1:colcon.colcon_core.environment:checking '/home/shreyap7/cs498/ros2_ws/install/mobile_robotics/bin'
[2.509s] Level 1:colcon.colcon_core.environment:create_environment_scripts_only(mobile_robotics)
[2.510s] INFO:colcon.colcon_core.shell:Creating package script '/home/shreyap7/cs498/ros2_ws/install/mobile_robotics/share/mobile_robotics/package.ps1'
[2.512s] INFO:colcon.colcon_core.shell:Creating package descriptor '/home/shreyap7/cs498/ros2_ws/install/mobile_robotics/share/mobile_robotics/package.dsv'
[2.513s] INFO:colcon.colcon_core.shell:Creating package script '/home/shreyap7/cs498/ros2_ws/install/mobile_robotics/share/mobile_robotics/package.sh'
[2.514s] INFO:colcon.colcon_core.shell:Creating package script '/home/shreyap7/cs498/ros2_ws/install/mobile_robotics/share/mobile_robotics/package.bash'
[2.515s] INFO:colcon.colcon_core.shell:Creating package script '/home/shreyap7/cs498/ros2_ws/install/mobile_robotics/share/mobile_robotics/package.zsh'
[2.516s] Level 1:colcon.colcon_core.environment:create_file_with_runtime_dependencies(/home/shreyap7/cs498/ros2_ws/install/mobile_robotics/share/colcon-core/packages/mobile_robotics)
[2.516s] DEBUG:colcon.colcon_parallel_executor.executor.parallel:closing loop
[2.517s] DEBUG:colcon.colcon_parallel_executor.executor.parallel:loop closed
[2.517s] DEBUG:colcon.colcon_parallel_executor.executor.parallel:run_until_complete finished with '0'
[2.517s] DEBUG:colcon.colcon_core.event_reactor:joining thread
[2.650s] INFO:colcon.colcon_core.plugin_system:Skipping extension 'colcon_notification.desktop_notification.notify_send': Could not find 'notify-send'
[2.651s] INFO:colcon.colcon_core.plugin_system:Skipping extension 'colcon_notification.desktop_notification.terminal_notifier': Not used on non-Darwin systems
[2.651s] INFO:colcon.colcon_core.plugin_system:Skipping extension 'colcon_notification.desktop_notification.win32': Not used on non-Windows systems
[2.651s] INFO:colcon.colcon_notification.desktop_notification:Sending desktop notification using 'notify2'
[2.651s] DEBUG:colcon.colcon_notification.desktop_notification.notify2:Failed to initialize notify2: org.freedesktop.DBus.Error.FileNotFound: Failed to connect to socket /run/user/1000/bus: No such file or directory
[2.652s] DEBUG:colcon.colcon_core.event_reactor:joined thread
[2.652s] INFO:colcon.colcon_core.shell:Creating prefix script '/home/shreyap7/cs498/ros2_ws/install/local_setup.ps1'
[2.654s] INFO:colcon.colcon_core.shell:Creating prefix util module '/home/shreyap7/cs498/ros2_ws/install/_local_setup_util_ps1.py'
[2.655s] INFO:colcon.colcon_core.shell:Creating prefix chain script '/home/shreyap7/cs498/ros2_ws/install/setup.ps1'
[2.656s] INFO:colcon.colcon_core.shell:Creating prefix script '/home/shreyap7/cs498/ros2_ws/install/local_setup.sh'
[2.657s] INFO:colcon.colcon_core.shell:Creating prefix util module '/home/shreyap7/cs498/ros2_ws/install/_local_setup_util_sh.py'
[2.657s] INFO:colcon.colcon_core.shell:Creating prefix chain script '/home/shreyap7/cs498/ros2_ws/install/setup.sh'
[2.658s] INFO:colcon.colcon_core.shell:Creating prefix script '/home/shreyap7/cs498/ros2_ws/install/local_setup.bash'
[2.659s] INFO:colcon.colcon_core.shell:Creating prefix chain script '/home/shreyap7/cs498/ros2_ws/install/setup.bash'
[2.660s] INFO:colcon.colcon_core.shell:Creating prefix script '/home/shreyap7/cs498/ros2_ws/install/local_setup.zsh'
[2.661s] INFO:colcon.colcon_core.shell:Creating prefix chain script '/home/shreyap7/cs498/ros2_ws/install/setup.zsh'
