[0.230s] DEBUG:colcon:Command line arguments: ['/home/shreyap7/.local/bin/colcon', 'build', '--symlink-install', '--packages-select', 'mobile_robotics']
[0.230s] DEBUG:colcon:Parsed command line arguments: Namespace(log_base=None, log_level=None, verb_name='build', build_base='build', install_base='install', merge_install=False, symlink_install=True, test_result_base=None, continue_on_error=False, executor='parallel', parallel_workers=22, event_handlers=None, ignore_user_meta=False, metas=['./colcon.meta'], base_paths=['.'], packages_ignore=None, packages_ignore_regex=None, paths=None, packages_up_to=None, packages_up_to_regex=None, packages_above=None, packages_above_and_dependencies=None, packages_above_depth=None, packages_select_by_dep=None, packages_skip_by_dep=None, packages_skip_up_to=None, packages_select_build_failed=False, packages_skip_build_finished=False, packages_select_test_failures=False, packages_skip_test_passed=False, packages_select=['mobile_robotics'], packages_skip=None, packages_select_regex=None, packages_skip_regex=None, packages_start=None, packages_end=None, allow_overriding=[], cmake_args=None, cmake_target=None, cmake_target_skip_unavailable=False, cmake_clean_cache=False, cmake_clean_first=False, cmake_force_configure=False, ament_cmake_args=None, catkin_cmake_args=None, catkin_skip_building_tests=False, verb_parser=<colcon_defaults.argument_parser.defaults.DefaultArgumentsDecorator object at 0x762930c4c1f0>, verb_extension=<colcon_core.verb.build.BuildVerb object at 0x762930c1bca0>, main=<bound method BuildVerb.main of <colcon_core.verb.build.BuildVerb object at 0x762930c1bca0>>)
[0.354s] Level 1:colcon.colcon_core.package_discovery:discover_packages(colcon_meta) check parameters
[0.355s] Level 1:colcon.colcon_core.package_discovery:discover_packages(recursive) check parameters
[0.355s] Level 1:colcon.colcon_core.package_discovery:discover_packages(ignore) check parameters
[0.355s] Level 1:colcon.colcon_core.package_discovery:discover_packages(path) check parameters
[0.355s] Level 1:colcon.colcon_core.package_discovery:discover_packages(colcon_meta) discover
[0.355s] Level 1:colcon.colcon_core.package_discovery:discover_packages(recursive) discover
[0.355s] INFO:colcon.colcon_core.package_discovery:Crawling recursively for packages in '/home/shreyap7/cs498/ros2_ws'
[0.355s] Level 1:colcon.colcon_core.package_identification:_identify(.) by extensions ['ignore', 'ignore_ament_install']
[0.355s] Level 1:colcon.colcon_core.package_identification:_identify(.) by extension 'ignore'
[0.356s] Level 1:colcon.colcon_core.package_identification:_identify(.) by extension 'ignore_ament_install'
[0.356s] Level 1:colcon.colcon_core.package_identification:_identify(.) by extensions ['colcon_pkg']
[0.356s] Level 1:colcon.colcon_core.package_identification:_identify(.) by extension 'colcon_pkg'
[0.356s] Level 1:colcon.colcon_core.package_identification:_identify(.) by extensions ['colcon_meta']
[0.356s] Level 1:colcon.colcon_core.package_identification:_identify(.) by extension 'colcon_meta'
[0.356s] Level 1:colcon.colcon_core.package_identification:_identify(.) by extensions ['ros']
[0.356s] Level 1:colcon.colcon_core.package_identification:_identify(.) by extension 'ros'
[0.365s] Level 1:colcon.colcon_core.package_identification:_identify(.) by extensions ['cmake', 'python']
[0.365s] Level 1:colcon.colcon_core.package_identification:_identify(.) by extension 'cmake'
[0.365s] Level 1:colcon.colcon_core.package_identification:_identify(.) by extension 'python'
[0.365s] Level 1:colcon.colcon_core.package_identification:_identify(.) by extensions ['python_setup_py']
[0.365s] Level 1:colcon.colcon_core.package_identification:_identify(.) by extension 'python_setup_py'
[0.365s] Level 1:colcon.colcon_core.package_identification:_identify(build) by extensions ['ignore', 'ignore_ament_install']
[0.365s] Level 1:colcon.colcon_core.package_identification:_identify(build) by extension 'ignore'
[0.365s] Level 1:colcon.colcon_core.package_identification:_identify(build) ignored
[0.365s] Level 1:colcon.colcon_core.package_identification:_identify(cp2_plots) by extensions ['ignore', 'ignore_ament_install']
[0.365s] Level 1:colcon.colcon_core.package_identification:_identify(cp2_plots) by extension 'ignore'
[0.365s] Level 1:colcon.colcon_core.package_identification:_identify(cp2_plots) by extension 'ignore_ament_install'
[0.365s] Level 1:colcon.colcon_core.package_identification:_identify(cp2_plots) by extensions ['colcon_pkg']
[0.365s] Level 1:colcon.colcon_core.package_identification:_identify(cp2_plots) by extension 'colcon_pkg'
[0.366s] Level 1:colcon.colcon_core.package_identification:_identify(cp2_plots) by extensions ['colcon_meta']
[0.366s] Level 1:colcon.colcon_core.package_identification:_identify(cp2_plots) by extension 'colcon_meta'
[0.366s] Level 1:colcon.colcon_core.package_identification:_identify(cp2_plots) by extensions ['ros']
[0.366s] Level 1:colcon.colcon_core.package_identification:_identify(cp2_plots) by extension 'ros'
[0.366s] Level 1:colcon.colcon_core.package_identification:_identify(cp2_plots) by extensions ['cmake', 'python']
[0.366s] Level 1:colcon.colcon_core.package_identification:_identify(cp2_plots) by extension 'cmake'
[0.366s] Level 1:colcon.colcon_core.package_identification:_identify(cp2_plots) by extension 'python'
[0.366s] Level 1:colcon.colcon_core.package_identification:_identify(cp2_plots) by extensions ['python_setup_py']
[0.366s] Level 1:colcon.colcon_core.package_identification:_identify(cp2_plots) by extension 'python_setup_py'
[0.366s] Level 1:colcon.colcon_core.package_identification:_identify(install) by extensions ['ignore', 'ignore_ament_install']
[0.366s] Level 1:colcon.colcon_core.package_identification:_identify(install) by extension 'ignore'
[0.366s] Level 1:colcon.colcon_core.package_identification:_identify(install) ignored
[0.366s] Level 1:colcon.colcon_core.package_identification:_identify(log) by extensions ['ignore', 'ignore_ament_install']
[0.366s] Level 1:colcon.colcon_core.package_identification:_identify(log) by extension 'ignore'
[0.366s] Level 1:colcon.colcon_core.package_identification:_identify(log) ignored
[0.366s] Level 1:colcon.colcon_core.package_identification:_identify(src) by extensions ['ignore', 'ignore_ament_install']
[0.366s] Level 1:colcon.colcon_core.package_identification:_identify(src) by extension 'ignore'
[0.366s] Level 1:colcon.colcon_core.package_identification:_identify(src) by extension 'ignore_ament_install'
[0.366s] Level 1:colcon.colcon_core.package_identification:_identify(src) by extensions ['colcon_pkg']
[0.366s] Level 1:colcon.colcon_core.package_identification:_identify(src) by extension 'colcon_pkg'
[0.366s] Level 1:colcon.colcon_core.package_identification:_identify(src) by extensions ['colcon_meta']
[0.366s] Level 1:colcon.colcon_core.package_identification:_identify(src) by extension 'colcon_meta'
[0.366s] Level 1:colcon.colcon_core.package_identification:_identify(src) by extensions ['ros']
[0.366s] Level 1:colcon.colcon_core.package_identification:_identify(src) by extension 'ros'
[0.366s] Level 1:colcon.colcon_core.package_identification:_identify(src) by extensions ['cmake', 'python']
[0.366s] Level 1:colcon.colcon_core.package_identification:_identify(src) by extension 'cmake'
[0.366s] Level 1:colcon.colcon_core.package_identification:_identify(src) by extension 'python'
[0.366s] Level 1:colcon.colcon_core.package_identification:_identify(src) by extensions ['python_setup_py']
[0.366s] Level 1:colcon.colcon_core.package_identification:_identify(src) by extension 'python_setup_py'
[0.366s] Level 1:colcon.colcon_core.package_identification:_identify(src/build) by extensions ['ignore', 'ignore_ament_install']
[0.366s] Level 1:colcon.colcon_core.package_identification:_identify(src/build) by extension 'ignore'
[0.366s] Level 1:colcon.colcon_core.package_identification:_identify(src/build) ignored
[0.366s] Level 1:colcon.colcon_core.package_identification:_identify(src/install) by extensions ['ignore', 'ignore_ament_install']
[0.366s] Level 1:colcon.colcon_core.package_identification:_identify(src/install) by extension 'ignore'
[0.366s] Level 1:colcon.colcon_core.package_identification:_identify(src/install) ignored
[0.367s] Level 1:colcon.colcon_core.package_identification:_identify(src/log) by extensions ['ignore', 'ignore_ament_install']
[0.367s] Level 1:colcon.colcon_core.package_identification:_identify(src/log) by extension 'ignore'
[0.367s] Level 1:colcon.colcon_core.package_identification:_identify(src/log) ignored
[0.367s] Level 1:colcon.colcon_core.package_identification:_identify(src/mobile_robotics) by extensions ['ignore', 'ignore_ament_install']
[0.367s] Level 1:colcon.colcon_core.package_identification:_identify(src/mobile_robotics) by extension 'ignore'
[0.367s] Level 1:colcon.colcon_core.package_identification:_identify(src/mobile_robotics) by extension 'ignore_ament_install'
[0.367s] Level 1:colcon.colcon_core.package_identification:_identify(src/mobile_robotics) by extensions ['colcon_pkg']
[0.367s] Level 1:colcon.colcon_core.package_identification:_identify(src/mobile_robotics) by extension 'colcon_pkg'
[0.367s] Level 1:colcon.colcon_core.package_identification:_identify(src/mobile_robotics) by extensions ['colcon_meta']
[0.367s] Level 1:colcon.colcon_core.package_identification:_identify(src/mobile_robotics) by extension 'colcon_meta'
[0.367s] Level 1:colcon.colcon_core.package_identification:_identify(src/mobile_robotics) by extensions ['ros']
[0.367s] Level 1:colcon.colcon_core.package_identification:_identify(src/mobile_robotics) by extension 'ros'
[0.369s] DEBUG:colcon.colcon_core.package_identification:Package 'src/mobile_robotics' with type 'ros.ament_python' and name 'mobile_robotics'
[0.370s] Level 1:colcon.colcon_core.package_identification:_identify(src/solar_house) by extensions ['ignore', 'ignore_ament_install']
[0.370s] Level 1:colcon.colcon_core.package_identification:_identify(src/solar_house) by extension 'ignore'
[0.370s] Level 1:colcon.colcon_core.package_identification:_identify(src/solar_house) by extension 'ignore_ament_install'
[0.370s] Level 1:colcon.colcon_core.package_identification:_identify(src/solar_house) by extensions ['colcon_pkg']
[0.370s] Level 1:colcon.colcon_core.package_identification:_identify(src/solar_house) by extension 'colcon_pkg'
[0.370s] Level 1:colcon.colcon_core.package_identification:_identify(src/solar_house) by extensions ['colcon_meta']
[0.370s] Level 1:colcon.colcon_core.package_identification:_identify(src/solar_house) by extension 'colcon_meta'
[0.370s] Level 1:colcon.colcon_core.package_identification:_identify(src/solar_house) by extensions ['ros']
[0.370s] Level 1:colcon.colcon_core.package_identification:_identify(src/solar_house) by extension 'ros'
[0.370s] Level 1:colcon.colcon_core.package_identification:_identify(src/solar_house) by extensions ['cmake', 'python']
[0.370s] Level 1:colcon.colcon_core.package_identification:_identify(src/solar_house) by extension 'cmake'
[0.370s] Level 1:colcon.colcon_core.package_identification:_identify(src/solar_house) by extension 'python'
[0.370s] Level 1:colcon.colcon_core.package_identification:_identify(src/solar_house) by extensions ['python_setup_py']
[0.370s] Level 1:colcon.colcon_core.package_identification:_identify(src/solar_house) by extension 'python_setup_py'
[0.370s] Level 1:colcon.colcon_core.package_discovery:discover_packages(recursive) using defaults
[0.370s] Level 1:colcon.colcon_core.package_discovery:discover_packages(ignore) discover
[0.370s] Level 1:colcon.colcon_core.package_discovery:discover_packages(ignore) using defaults
[0.370s] Level 1:colcon.colcon_core.package_discovery:discover_packages(path) discover
[0.370s] Level 1:colcon.colcon_core.package_discovery:discover_packages(path) using defaults
[0.383s] Level 1:colcon.colcon_core.package_discovery:discover_packages(prefix_path) check parameters
[0.383s] Level 1:colcon.colcon_core.package_discovery:discover_packages(prefix_path) discover
[0.384s] DEBUG:colcon.colcon_installed_package_information.package_discovery:Found 1 installed packages in /home/shreyap7/cs498/ros2_ws/install
[0.385s] DEBUG:colcon.colcon_installed_package_information.package_discovery:Found 271 installed packages in /opt/ros/humble
[0.386s] Level 1:colcon.colcon_core.package_discovery:discover_packages(prefix_path) using defaults
[0.417s] Level 5:colcon.colcon_core.verb:set package 'mobile_robotics' build argument 'cmake_args' from command line to 'None'
[0.418s] Level 5:colcon.colcon_core.verb:set package 'mobile_robotics' build argument 'cmake_target' from command line to 'None'
[0.418s] Level 5:colcon.colcon_core.verb:set package 'mobile_robotics' build argument 'cmake_target_skip_unavailable' from command line to 'False'
[0.418s] Level 5:colcon.colcon_core.verb:set package 'mobile_robotics' build argument 'cmake_clean_cache' from command line to 'False'
[0.418s] Level 5:colcon.colcon_core.verb:set package 'mobile_robotics' build argument 'cmake_clean_first' from command line to 'False'
[0.418s] Level 5:colcon.colcon_core.verb:set package 'mobile_robotics' build argument 'cmake_force_configure' from command line to 'False'
[0.418s] Level 5:colcon.colcon_core.verb:set package 'mobile_robotics' build argument 'ament_cmake_args' from command line to 'None'
[0.418s] Level 5:colcon.colcon_core.verb:set package 'mobile_robotics' build argument 'catkin_cmake_args' from command line to 'None'
[0.418s] Level 5:colcon.colcon_core.verb:set package 'mobile_robotics' build argument 'catkin_skip_building_tests' from command line to 'False'
[0.418s] DEBUG:colcon.colcon_core.verb:Building package 'mobile_robotics' with the following arguments: {'ament_cmake_args': None, 'build_base': '/home/shreyap7/cs498/ros2_ws/build/mobile_robotics', 'catkin_cmake_args': None, 'catkin_skip_building_tests': False, 'cmake_args': None, 'cmake_clean_cache': False, 'cmake_clean_first': False, 'cmake_force_configure': False, 'cmake_target': None, 'cmake_target_skip_unavailable': False, 'install_base': '/home/shreyap7/cs498/ros2_ws/install/mobile_robotics', 'merge_install': False, 'path': '/home/shreyap7/cs498/ros2_ws/src/mobile_robotics', 'symlink_install': True, 'test_result_base': None}
[0.418s] INFO:colcon.colcon_core.executor:Executing jobs using 'parallel' executor
[0.419s] DEBUG:colcon.colcon_parallel_executor.executor.parallel:run_until_complete
[0.420s] INFO:colcon.colcon_ros.task.ament_python.build:Building ROS package in '/home/shreyap7/cs498/ros2_ws/src/mobile_robotics' with build type 'ament_python'
[0.420s] Level 1:colcon.colcon_core.shell:create_environment_hook('mobile_robotics', 'ament_prefix_path')
[0.423s] INFO:colcon.colcon_core.plugin_system:Skipping extension 'colcon_core.shell.bat': Not used on non-Windows systems
[0.423s] INFO:colcon.colcon_core.shell:Creating environment hook '/home/shreyap7/cs498/ros2_ws/install/mobile_robotics/share/mobile_robotics/hook/ament_prefix_path.ps1'
[0.424s] INFO:colcon.colcon_core.shell:Creating environment descriptor '/home/shreyap7/cs498/ros2_ws/install/mobile_robotics/share/mobile_robotics/hook/ament_prefix_path.dsv'
[0.425s] INFO:colcon.colcon_core.shell:Creating environment hook '/home/shreyap7/cs498/ros2_ws/install/mobile_robotics/share/mobile_robotics/hook/ament_prefix_path.sh'
[0.426s] INFO:colcon.colcon_core.shell:Skip shell extension 'powershell' for command environment: Not usable outside of PowerShell
[0.426s] DEBUG:colcon.colcon_core.shell:Skip shell extension 'dsv' for command environment
[0.628s] INFO:colcon.colcon_core.task.python.build:Building Python package in '/home/shreyap7/cs498/ros2_ws/src/mobile_robotics'
[0.628s] INFO:colcon.colcon_core.shell:Skip shell extension 'powershell' for command environment: Not usable outside of PowerShell
[0.628s] DEBUG:colcon.colcon_core.shell:Skip shell extension 'dsv' for command environment
[0.925s] DEBUG:colcon.colcon_core.event_handler.log_command:Invoking command in '/home/shreyap7/cs498/ros2_ws/build/mobile_robotics': PYTHONPATH=/home/shreyap7/cs498/ros2_ws/build/mobile_robotics/prefix_override:/home/shreyap7/.local/lib/python3.10/site-packages/colcon_core/task/python/colcon_distutils_commands:/home/shreyap7/cs498/ros2_ws/install/mobile_robotics/lib/python3.10/site-packages:${PYTHONPATH} /usr/bin/python3 -W ignore:setup.py install is deprecated -W ignore:easy_install command is deprecated setup.py develop --editable --build-directory /home/shreyap7/cs498/ros2_ws/build/mobile_robotics/build --no-deps symlink_data
[1.260s] Level 1:colcon.colcon_core.shell:create_environment_hook('mobile_robotics', 'pythonpath_develop')
[1.260s] DEBUG:colcon.colcon_core.event_handler.log_command:Invoked command in '/home/shreyap7/cs498/ros2_ws/build/mobile_robotics' returned '0': PYTHONPATH=/home/shreyap7/cs498/ros2_ws/build/mobile_robotics/prefix_override:/home/shreyap7/.local/lib/python3.10/site-packages/colcon_core/task/python/colcon_distutils_commands:/home/shreyap7/cs498/ros2_ws/install/mobile_robotics/lib/python3.10/site-packages:${PYTHONPATH} /usr/bin/python3 -W ignore:setup.py install is deprecated -W ignore:easy_install command is deprecated setup.py develop --editable --build-directory /home/shreyap7/cs498/ros2_ws/build/mobile_robotics/build --no-deps symlink_data
[1.261s] INFO:colcon.colcon_core.shell:Creating environment hook '/home/shreyap7/cs498/ros2_ws/build/mobile_robotics/share/mobile_robotics/hook/pythonpath_develop.ps1'
[1.262s] INFO:colcon.colcon_core.shell:Creating environment descriptor '/home/shreyap7/cs498/ros2_ws/build/mobile_robotics/share/mobile_robotics/hook/pythonpath_develop.dsv'
[1.262s] INFO:colcon.colcon_core.shell:Creating environment hook '/home/shreyap7/cs498/ros2_ws/build/mobile_robotics/share/mobile_robotics/hook/pythonpath_develop.sh'
[1.264s] Level 1:colcon.colcon_core.environment:checking '/home/shreyap7/cs498/ros2_ws/install/mobile_robotics' for CMake module files
[1.265s] Level 1:colcon.colcon_core.environment:checking '/home/shreyap7/cs498/ros2_ws/install/mobile_robotics' for CMake config files
[1.265s] Level 1:colcon.colcon_core.environment:checking '/home/shreyap7/cs498/ros2_ws/install/mobile_robotics/lib'
[1.265s] Level 1:colcon.colcon_core.environment:checking '/home/shreyap7/cs498/ros2_ws/install/mobile_robotics/bin'
[1.265s] Level 1:colcon.colcon_core.environment:checking '/home/shreyap7/cs498/ros2_ws/install/mobile_robotics/lib/pkgconfig/mobile_robotics.pc'
[1.266s] Level 1:colcon.colcon_core.environment:checking '/home/shreyap7/cs498/ros2_ws/install/mobile_robotics/lib/python3.10/site-packages'
[1.266s] Level 1:colcon.colcon_core.shell:create_environment_hook('mobile_robotics', 'pythonpath')
[1.266s] INFO:colcon.colcon_core.shell:Creating environment hook '/home/shreyap7/cs498/ros2_ws/install/mobile_robotics/share/mobile_robotics/hook/pythonpath.ps1'
[1.266s] INFO:colcon.colcon_core.shell:Creating environment descriptor '/home/shreyap7/cs498/ros2_ws/install/mobile_robotics/share/mobile_robotics/hook/pythonpath.dsv'
[1.266s] INFO:colcon.colcon_core.shell:Creating environment hook '/home/shreyap7/cs498/ros2_ws/install/mobile_robotics/share/mobile_robotics/hook/pythonpath.sh'
[1.267s] Level 1:colcon.colcon_core.environment:checking '/home/shreyap7/cs498/ros2_ws/install/mobile_robotics/bin'
[1.267s] Level 1:colcon.colcon_core.environment:create_environment_scripts_only(mobile_robotics)
[1.267s] INFO:colcon.colcon_core.shell:Creating package script '/home/shreyap7/cs498/ros2_ws/install/mobile_robotics/share/mobile_robotics/package.ps1'
[1.268s] INFO:colcon.colcon_core.shell:Creating package descriptor '/home/shreyap7/cs498/ros2_ws/install/mobile_robotics/share/mobile_robotics/package.dsv'
[1.269s] INFO:colcon.colcon_core.shell:Creating package script '/home/shreyap7/cs498/ros2_ws/install/mobile_robotics/share/mobile_robotics/package.sh'
[1.269s] INFO:colcon.colcon_core.shell:Creating package script '/home/shreyap7/cs498/ros2_ws/install/mobile_robotics/share/mobile_robotics/package.bash'
[1.270s] INFO:colcon.colcon_core.shell:Creating package script '/home/shreyap7/cs498/ros2_ws/install/mobile_robotics/share/mobile_robotics/package.zsh'
[1.270s] Level 1:colcon.colcon_core.environment:create_file_with_runtime_dependencies(/home/shreyap7/cs498/ros2_ws/install/mobile_robotics/share/colcon-core/packages/mobile_robotics)
[1.271s] DEBUG:colcon.colcon_parallel_executor.executor.parallel:closing loop
[1.271s] DEBUG:colcon.colcon_parallel_executor.executor.parallel:loop closed
[1.271s] DEBUG:colcon.colcon_parallel_executor.executor.parallel:run_until_complete finished with '0'
[1.271s] DEBUG:colcon.colcon_core.event_reactor:joining thread
[1.349s] INFO:colcon.colcon_core.plugin_system:Skipping extension 'colcon_notification.desktop_notification.notify_send': Could not find 'notify-send'
[1.349s] INFO:colcon.colcon_core.plugin_system:Skipping extension 'colcon_notification.desktop_notification.terminal_notifier': Not used on non-Darwin systems
[1.349s] INFO:colcon.colcon_core.plugin_system:Skipping extension 'colcon_notification.desktop_notification.win32': Not used on non-Windows systems
[1.349s] INFO:colcon.colcon_notification.desktop_notification:Sending desktop notification using 'notify2'
[1.349s] DEBUG:colcon.colcon_notification.desktop_notification.notify2:Failed to initialize notify2: org.freedesktop.DBus.Error.FileNotFound: Failed to connect to socket /run/user/1000/bus: No such file or directory
[1.350s] DEBUG:colcon.colcon_core.event_reactor:joined thread
[1.350s] INFO:colcon.colcon_core.shell:Creating prefix script '/home/shreyap7/cs498/ros2_ws/install/local_setup.ps1'
[1.351s] INFO:colcon.colcon_core.shell:Creating prefix util module '/home/shreyap7/cs498/ros2_ws/install/_local_setup_util_ps1.py'
[1.352s] INFO:colcon.colcon_core.shell:Creating prefix chain script '/home/shreyap7/cs498/ros2_ws/install/setup.ps1'
[1.352s] INFO:colcon.colcon_core.shell:Creating prefix script '/home/shreyap7/cs498/ros2_ws/install/local_setup.sh'
[1.353s] INFO:colcon.colcon_core.shell:Creating prefix util module '/home/shreyap7/cs498/ros2_ws/install/_local_setup_util_sh.py'
[1.353s] INFO:colcon.colcon_core.shell:Creating prefix chain script '/home/shreyap7/cs498/ros2_ws/install/setup.sh'
[1.354s] INFO:colcon.colcon_core.shell:Creating prefix script '/home/shreyap7/cs498/ros2_ws/install/local_setup.bash'
[1.354s] INFO:colcon.colcon_core.shell:Creating prefix chain script '/home/shreyap7/cs498/ros2_ws/install/setup.bash'
[1.355s] INFO:colcon.colcon_core.shell:Creating prefix script '/home/shreyap7/cs498/ros2_ws/install/local_setup.zsh'
[1.355s] INFO:colcon.colcon_core.shell:Creating prefix chain script '/home/shreyap7/cs498/ros2_ws/install/setup.zsh'
